[2023-04-30 20:40:37] production.ERROR: Undefined variable $row {"view":{"view":"/home/u261160140/domains/exploragoa.com/public_html/tripraja-tester/themes/GoTrip/News/Views/frontend/index.blade.php","data":[]},"userId":6,"exception":"[object] (Spatie\\LaravelIgnition\\Exceptions\\ViewException(code: 0): Undefined variable $row at /home/u261160140/domains/exploragoa.com/public_html/tripraja-tester/themes/GoTrip/News/Views/frontend/index.blade.php:10)
[stacktrace]
#0 /home/u261160140/domains/exploragoa.com/public_html/tripraja-tester/vendor/laravel/framework/src/Illuminate/Foundation/Bootstrap/HandleExceptions.php(266): Illuminate\\Foundation\\Bootstrap\\HandleExceptions->handleError()
#1 /home/u261160140/domains/exploragoa.com/public_html/tripraja-tester/themes/GoTrip/News/Views/frontend/index.blade.php(10): Illuminate\\Foundation\\Bootstrap\\HandleExceptions->Illuminate\\Foundation\\Bootstrap\\{closure}()
#2 /home/u261160140/domains/exploragoa.com/public_html/tripraja-tester/vendor/laravel/framework/src/Illuminate/Filesystem/Filesystem.php(109): require('/home/u26116014...')
#3 /home/u261160140/domains/exploragoa.com/public_html/tripraja-tester/vendor/laravel/framework/src/Illuminate/Filesystem/Filesystem.php(110): Illuminate\\Filesystem\\Filesystem::Illuminate\\Filesystem\\{closure}()
#4 /home/u261160140/domains/exploragoa.com/public_html/tripraja-tester/vendor/laravel/framework/src/Illuminate/View/Engines/PhpEngine.php(58): Illuminate\\Filesystem\\Filesystem->getRequire()
#5 /home/u261160140/domains/exploragoa.com/public_html/tripraja-tester/vendor/laravel/framework/src/Illuminate/View/Engines/CompilerEngine.php(70): Illuminate\\View\\Engines\\PhpEngine->evaluatePath()
#6 /home/u261160140/domains/exploragoa.com/public_html/tripraja-tester/vendor/laravel/framework/src/Illuminate/View/View.php(152): Illuminate\\View\\Engines\\CompilerEngine->get()
#7 /home/u261160140/domains/exploragoa.com/public_html/tripraja-tester/vendor/laravel/framework/src/Illuminate/View/View.php(135): Illuminate\\View\\View->getContents()
#8 /home/u261160140/domains/exploragoa.com/public_html/tripraja-tester/vendor/laravel/framework/src/Illuminate/View/View.php(104): Illuminate\\View\\View->renderContents()
#9 /home/u261160140/domains/exploragoa.com/public_html/tripraja-tester/vendor/laravel/framework/src/Illuminate/Http/Response.php(69): Illuminate\\View\\View->render()
#10 /home/u261160140/domains/exploragoa.com/public_html/tripraja-tester/vendor/laravel/framework/src/Illuminate/Http/Response.php(35): Illuminate\\Http\\Response->setContent()
#11 /home/u261160140/domains/exploragoa.com/public_html/tripraja-tester/vendor/laravel/framework/src/Illuminate/Routing/Router.php(906): Illuminate\\Http\\Response->__construct()
#12 /home/u261160140/domains/exploragoa.com/public_html/tripraja-tester/vendor/laravel/framework/src/Illuminate/Routing/Router.php(875): Illuminate\\Routing\\Router::toResponse()
#13 /home/u261160140/domains/exploragoa.com/public_html/tripraja-tester/vendor/laravel/framework/src/Illuminate/Routing/Router.php(798): Illuminate\\Routing\\Router->prepareResponse()
#14 /home/u261160140/domains/exploragoa.com/public_html/tripraja-tester/vendor/laravel/framework/src/Illuminate/Pipeline/Pipeline.php(141): Illuminate\\Routing\\Router->Illuminate\\Routing\\{closure}()
#15 /home/u261160140/domains/exploragoa.com/public_html/tripraja-tester/app/Http/Middleware/RequireChangePassword.php(41): Illuminate\\Pipeline\\Pipeline->Illuminate\\Pipeline\\{closure}()
#16 /home/u261160140/domains/exploragoa.com/public_html/tripraja-tester/vendor/laravel/framework/src/Illuminate/Pipeline/Pipeline.php(180): App\\Http\\Middleware\\RequireChangePassword->handle()
#17 /home/u261160140/domains/exploragoa.com/public_html/tripraja-tester/app/Http/Middleware/SetLanguageForAdmin.php(37): Illuminate\\Pipeline\\Pipeline->Illuminate\\Pipeline\\{closure}()
#18 /home/u261160140/domains/exploragoa.com/public_html/tripraja-tester/vendor/laravel/framework/src/Illuminate/Pipeline/Pipeline.php(180): App\\Http\\Middleware\\SetLanguageForAdmin->handle()
#19 /home/u261160140/domains/exploragoa.com/public_html/tripraja-tester/app/Http/Middleware/SetCurrentCurrency.php(48): Illuminate\\Pipeline\\Pipeline->Illuminate\\Pipeline\\{closure}()
#20 /home/u261160140/domains/exploragoa.com/public_html/tripraja-tester/vendor/laravel/framework/src/Illuminate/Pipeline/Pipeline.php(180): App\\Http\\Middleware\\SetCurrentCurrency->handle()
#21 /home/u261160140/domains/exploragoa.com/public_html/tripraja-tester/app/Http/Middleware/HideDebugbar.php(32): Illuminate\\Pipeline\\Pipeline->Illuminate\\Pipeline\\{closure}()
#22 /home/u261160140/domains/exploragoa.com/public_html/tripraja-tester/vendor/laravel/framework/src/Illuminate/Pipeline/Pipeline.php(180): App\\Http\\Middleware\\HideDebugbar->handle()
#23 /home/u261160140/domains/exploragoa.com/public_html/tripraja-tester/app/Http/Middleware/RedirectForMultiLanguage.php(58): Illuminate\\Pipeline\\Pipeline->Illuminate\\Pipeline\\{closure}()
#24 /home/u261160140/domains/exploragoa.com/public_html/tripraja-tester/vendor/laravel/framework/src/Illuminate/Pipeline/Pipeline.php(180): App\\Http\\Middleware\\RedirectForMultiLanguage->handle()
#25 /home/u261160140/domains/exploragoa.com/public_html/tripraja-tester/vendor/laravel/framework/src/Illuminate/Routing/Middleware/SubstituteBindings.php(50): Illuminate\\Pipeline\\Pipeline->Illuminate\\Pipeline\\{closure}()
#26 /home/u261160140/domains/exploragoa.com/public_html/tripraja-tester/vendor/laravel/framework/src/Illuminate/Pipeline/Pipeline.php(180): Illuminate\\Routing\\Middleware\\SubstituteBindings->handle()
#27 /home/u261160140/domains/exploragoa.com/public_html/tripraja-tester/vendor/laravel/framework/src/Illuminate/Foundation/Http/Middleware/VerifyCsrfToken.php(78): Illuminate\\Pipeline\\Pipeline->Illuminate\\Pipeline\\{closure}()
#28 /home/u261160140/domains/exploragoa.com/public_html/tripraja-tester/vendor/laravel/framework/src/Illuminate/Pipeline/Pipeline.php(180): Illuminate\\Foundation\\Http\\Middleware\\VerifyCsrfToken->handle()
#29 /home/u261160140/domains/exploragoa.com/public_html/tripraja-tester/vendor/laravel/framework/src/Illuminate/View/Middleware/ShareErrorsFromSession.php(49): Illuminate\\Pipeline\\Pipeline->Illuminate\\Pipeline\\{closure}()
#30 /home/u261160140/domains/exploragoa.com/public_html/tripraja-tester/vendor/laravel/framework/src/Illuminate/Pipeline/Pipeline.php(180): Illuminate\\View\\Middleware\\ShareErrorsFromSession->handle()
#31 /home/u261160140/domains/exploragoa.com/public_html/tripraja-tester/vendor/laravel/framework/src/Illuminate/Session/Middleware/StartSession.php(121): Illuminate\\Pipeline\\Pipeline->Illuminate\\Pipeline\\{closure}()
#32 /home/u261160140/domains/exploragoa.com/public_html/tripraja-tester/vendor/laravel/framework/src/Illuminate/Session/Middleware/StartSession.php(64): Illuminate\\Session\\Middleware\\StartSession->handleStatefulRequest()
#33 /home/u261160140/domains/exploragoa.com/public_html/tripraja-tester/vendor/laravel/framework/src/Illuminate/Pipeline/Pipeline.php(180): Illuminate\\Session\\Middleware\\StartSession->handle()
#34 /home/u261160140/domains/exploragoa.com/public_html/tripraja-tester/vendor/laravel/framework/src/Illuminate/Cookie/Middleware/AddQueuedCookiesToResponse.php(37): Illuminate\\Pipeline\\Pipeline->Illuminate\\Pipeline\\{closure}()
#35 /home/u261160140/domains/exploragoa.com/public_html/tripraja-tester/vendor/laravel/framework/src/Illuminate/Pipeline/Pipeline.php(180): Illuminate\\Cookie\\Middleware\\AddQueuedCookiesToResponse->handle()
#36 /home/u261160140/domains/exploragoa.com/public_html/tripraja-tester/vendor/laravel/framework/src/Illuminate/Cookie/Middleware/EncryptCookies.php(67): Illuminate\\Pipeline\\Pipeline->Illuminate\\Pipeline\\{closure}()
#37 /home/u261160140/domains/exploragoa.com/public_html/tripraja-tester/vendor/laravel/framework/src/Illuminate/Pipeline/Pipeline.php(180): Illuminate\\Cookie\\Middleware\\EncryptCookies->handle()
#38 /home/u261160140/domains/exploragoa.com/public_html/tripraja-tester/vendor/laravel/framework/src/Illuminate/Pipeline/Pipeline.php(116): Illuminate\\Pipeline\\Pipeline->Illuminate\\Pipeline\\{closure}()
#39 /home/u261160140/domains/exploragoa.com/public_html/tripraja-tester/vendor/laravel/framework/src/Illuminate/Routing/Router.php(799): Illuminate\\Pipeline\\Pipeline->then()
#40 /home/u261160140/domains/exploragoa.com/public_html/tripraja-tester/vendor/laravel/framework/src/Illuminate/Routing/Router.php(776): Illuminate\\Routing\\Router->runRouteWithinStack()
#41 /home/u261160140/domains/exploragoa.com/public_html/tripraja-tester/vendor/laravel/framework/src/Illuminate/Routing/Router.php(740): Illuminate\\Routing\\Router->runRoute()
#42 /home/u261160140/domains/exploragoa.com/public_html/tripraja-tester/vendor/laravel/framework/src/Illuminate/Routing/Router.php(729): Illuminate\\Routing\\Router->dispatchToRoute()
#43 /home/u261160140/domains/exploragoa.com/public_html/tripraja-tester/vendor/laravel/framework/src/Illuminate/Foundation/Http/Kernel.php(190): Illuminate\\Routing\\Router->dispatch()
#44 /home/u261160140/domains/exploragoa.com/public_html/tripraja-tester/vendor/laravel/framework/src/Illuminate/Pipeline/Pipeline.php(141): Illuminate\\Foundation\\Http\\Kernel->Illuminate\\Foundation\\Http\\{closure}()
#45 /home/u261160140/domains/exploragoa.com/public_html/tripraja-tester/themes/Base/Core/Middleware/RunUpdater.php(72): Illuminate\\Pipeline\\Pipeline->Illuminate\\Pipeline\\{closure}()
#46 /home/u261160140/domains/exploragoa.com/public_html/tripraja-tester/vendor/laravel/framework/src/Illuminate/Pipeline/Pipeline.php(180): Themes\\Base\\Core\\Middleware\\RunUpdater->handle()
#47 /home/u261160140/domains/exploragoa.com/public_html/tripraja-tester/vendor/barryvdh/laravel-debugbar/src/Middleware/InjectDebugbar.php(59): Illuminate\\Pipeline\\Pipeline->Illuminate\\Pipeline\\{closure}()
#48 /home/u261160140/domains/exploragoa.com/public_html/tripraja-tester/vendor/laravel/framework/src/Illuminate/Pipeline/Pipeline.php(180): Barryvdh\\Debugbar\\Middleware\\InjectDebugbar->handle()
#49 /home/u261160140/domains/exploragoa.com/public_html/tripraja-tester/vendor/laravel/framework/src/Illuminate/Foundation/Http/Middleware/TransformsRequest.php(21): Illuminate\\Pipeline\\Pipeline->Illuminate\\Pipeline\\{closure}()
#50 /home/u261160140/domains/exploragoa.com/public_html/tripraja-tester/vendor/laravel/framework/src/Illuminate/Foundation/Http/Middleware/ConvertEmptyStringsToNull.php(31): Illuminate\\Foundation\\Http\\Middleware\\TransformsRequest->handle()
#51 /home/u261160140/domains/exploragoa.com/public_html/tripraja-tester/vendor/laravel/framework/src/Illuminate/Pipeline/Pipeline.php(180): Illuminate\\Foundation\\Http\\Middleware\\ConvertEmptyStringsToNull->handle()
#52 /home/u261160140/domains/exploragoa.com/public_html/tripraja-tester/vendor/laravel/framework/src/Illuminate/Foundation/Http/Middleware/TransformsRequest.php(21): Illuminate\\Pipeline\\Pipeline->Illuminate\\Pipeline\\{closure}()
#53 /home/u261160140/domains/exploragoa.com/public_html/tripraja-tester/vendor/laravel/framework/src/Illuminate/Foundation/Http/Middleware/TrimStrings.php(40): Illuminate\\Foundation\\Http\\Middleware\\TransformsRequest->handle()
#54 /home/u261160140/domains/exploragoa.com/public_html/tripraja-tester/vendor/laravel/framework/src/Illuminate/Pipeline/Pipeline.php(180): Illuminate\\Foundation\\Http\\Middleware\\TrimStrings->handle()
#55 /home/u261160140/domains/exploragoa.com/public_html/tripraja-tester/vendor/laravel/framework/src/Illuminate/Foundation/Http/Middleware/ValidatePostSize.php(27): Illuminate\\Pipeline\\Pipeline->Illuminate\\Pipeline\\{closure}()
#56 /home/u261160140/domains/exploragoa.com/public_html/tripraja-tester/vendor/laravel/framework/src/Illuminate/Pipeline/Pipeline.php(180): Illuminate\\Foundation\\Http\\Middleware\\ValidatePostSize->handle()
#57 /home/u261160140/domains/exploragoa.com/public_html/tripraja-tester/vendor/laravel/framework/src/Illuminate/Foundation/Http/Middleware/PreventRequestsDuringMaintenance.php(86): Illuminate\\Pipeline\\Pipeline->Illuminate\\Pipeline\\{closure}()
#58 /home/u261160140/domains/exploragoa.com/public_html/tripraja-tester/vendor/laravel/framework/src/Illuminate/Pipeline/Pipeline.php(180): Illuminate\\Foundation\\Http\\Middleware\\PreventRequestsDuringMaintenance->handle()
#59 /home/u261160140/domains/exploragoa.com/public_html/tripraja-tester/vendor/laravel/framework/src/Illuminate/Http/Middleware/HandleCors.php(49): Illuminate\\Pipeline\\Pipeline->Illuminate\\Pipeline\\{closure}()
#60 /home/u261160140/domains/exploragoa.com/public_html/tripraja-tester/vendor/laravel/framework/src/Illuminate/Pipeline/Pipeline.php(180): Illuminate\\Http\\Middleware\\HandleCors->handle()
#61 /home/u261160140/domains/exploragoa.com/public_html/tripraja-tester/app/Http/Middleware/RedirectToInstaller.php(40): Illuminate\\Pipeline\\Pipeline->Illuminate\\Pipeline\\{closure}()
#62 /home/u261160140/domains/exploragoa.com/public_html/tripraja-tester/vendor/laravel/framework/src/Illuminate/Pipeline/Pipeline.php(180): App\\Http\\Middleware\\RedirectToInstaller->handle()
#63 /home/u261160140/domains/exploragoa.com/public_html/tripraja-tester/vendor/laravel/framework/src/Illuminate/Http/Middleware/TrustProxies.php(39): Illuminate\\Pipeline\\Pipeline->Illuminate\\Pipeline\\{closure}()
#64 /home/u261160140/domains/exploragoa.com/public_html/tripraja-tester/vendor/laravel/framework/src/Illuminate/Pipeline/Pipeline.php(180): Illuminate\\Http\\Middleware\\TrustProxies->handle()
#65 /home/u261160140/domains/exploragoa.com/public_html/tripraja-tester/vendor/laravel/framework/src/Illuminate/Pipeline/Pipeline.php(116): Illuminate\\Pipeline\\Pipeline->Illuminate\\Pipeline\\{closure}()
#66 /home/u261160140/domains/exploragoa.com/public_html/tripraja-tester/vendor/laravel/framework/src/Illuminate/Foundation/Http/Kernel.php(165): Illuminate\\Pipeline\\Pipeline->then()
#67 /home/u261160140/domains/exploragoa.com/public_html/tripraja-tester/vendor/laravel/framework/src/Illuminate/Foundation/Http/Kernel.php(134): Illuminate\\Foundation\\Http\\Kernel->sendRequestThroughRouter()
#68 /home/u261160140/domains/exploragoa.com/public_html/tripraja-tester/public/index.php(73): Illuminate\\Foundation\\Http\\Kernel->handle()
#69 {main}

[previous exception] [object] (ErrorException(code: 0): Undefined variable $row at /home/u261160140/domains/exploragoa.com/public_html/tripraja-tester/storage/framework/views/361f758264c20ab10e0ee6223adc49caa8b60656.php:9)
[stacktrace]
#0 /home/u261160140/domains/exploragoa.com/public_html/tripraja-tester/vendor/laravel/framework/src/Illuminate/Foundation/Bootstrap/HandleExceptions.php(266): Illuminate\\Foundation\\Bootstrap\\HandleExceptions->handleError()
#1 /home/u261160140/domains/exploragoa.com/public_html/tripraja-tester/storage/framework/views/361f758264c20ab10e0ee6223adc49caa8b60656.php(9): Illuminate\\Foundation\\Bootstrap\\HandleExceptions->Illuminate\\Foundation\\Bootstrap\\{closure}()
#2 /home/u261160140/domains/exploragoa.com/public_html/tripraja-tester/vendor/laravel/framework/src/Illuminate/Filesystem/Filesystem.php(109): require('/home/u26116014...')
#3 /home/u261160140/domains/exploragoa.com/public_html/tripraja-tester/vendor/laravel/framework/src/Illuminate/Filesystem/Filesystem.php(110): Illuminate\\Filesystem\\Filesystem::Illuminate\\Filesystem\\{closure}()
#4 /home/u261160140/domains/exploragoa.com/public_html/tripraja-tester/vendor/laravel/framework/src/Illuminate/View/Engines/PhpEngine.php(58): Illuminate\\Filesystem\\Filesystem->getRequire()
#5 /home/u261160140/domains/exploragoa.com/public_html/tripraja-tester/vendor/laravel/framework/src/Illuminate/View/Engines/CompilerEngine.php(70): Illuminate\\View\\Engines\\PhpEngine->evaluatePath()
#6 /home/u261160140/domains/exploragoa.com/public_html/tripraja-tester/vendor/laravel/framework/src/Illuminate/View/View.php(152): Illuminate\\View\\Engines\\CompilerEngine->get()
#7 /home/u261160140/domains/exploragoa.com/public_html/tripraja-tester/vendor/laravel/framework/src/Illuminate/View/View.php(135): Illuminate\\View\\View->getContents()
#8 /home/u261160140/domains/exploragoa.com/public_html/tripraja-tester/vendor/laravel/framework/src/Illuminate/View/View.php(104): Illuminate\\View\\View->renderContents()
#9 /home/u261160140/domains/exploragoa.com/public_html/tripraja-tester/vendor/laravel/framework/src/Illuminate/Http/Response.php(69): Illuminate\\View\\View->render()
#10 /home/u261160140/domains/exploragoa.com/public_html/tripraja-tester/vendor/laravel/framework/src/Illuminate/Http/Response.php(35): Illuminate\\Http\\Response->setContent()
#11 /home/u261160140/domains/exploragoa.com/public_html/tripraja-tester/vendor/laravel/framework/src/Illuminate/Routing/Router.php(906): Illuminate\\Http\\Response->__construct()
#12 /home/u261160140/domains/exploragoa.com/public_html/tripraja-tester/vendor/laravel/framework/src/Illuminate/Routing/Router.php(875): Illuminate\\Routing\\Router::toResponse()
#13 /home/u261160140/domains/exploragoa.com/public_html/tripraja-tester/vendor/laravel/framework/src/Illuminate/Routing/Router.php(798): Illuminate\\Routing\\Router->prepareResponse()
#14 /home/u261160140/domains/exploragoa.com/public_html/tripraja-tester/vendor/laravel/framework/src/Illuminate/Pipeline/Pipeline.php(141): Illuminate\\Routing\\Router->Illuminate\\Routing\\{closure}()
#15 /home/u261160140/domains/exploragoa.com/public_html/tripraja-tester/app/Http/Middleware/RequireChangePassword.php(41): Illuminate\\Pipeline\\Pipeline->Illuminate\\Pipeline\\{closure}()
#16 /home/u261160140/domains/exploragoa.com/public_html/tripraja-tester/vendor/laravel/framework/src/Illuminate/Pipeline/Pipeline.php(180): App\\Http\\Middleware\\RequireChangePassword->handle()
#17 /home/u261160140/domains/exploragoa.com/public_html/tripraja-tester/app/Http/Middleware/SetLanguageForAdmin.php(37): Illuminate\\Pipeline\\Pipeline->Illuminate\\Pipeline\\{closure}()
#18 /home/u261160140/domains/exploragoa.com/public_html/tripraja-tester/vendor/laravel/framework/src/Illuminate/Pipeline/Pipeline.php(180): App\\Http\\Middleware\\SetLanguageForAdmin->handle()
#19 /home/u261160140/domains/exploragoa.com/public_html/tripraja-tester/app/Http/Middleware/SetCurrentCurrency.php(48): Illuminate\\Pipeline\\Pipeline->Illuminate\\Pipeline\\{closure}()
#20 /home/u261160140/domains/exploragoa.com/public_html/tripraja-tester/vendor/laravel/framework/src/Illuminate/Pipeline/Pipeline.php(180): App\\Http\\Middleware\\SetCurrentCurrency->handle()
#21 /home/u261160140/domains/exploragoa.com/public_html/tripraja-tester/app/Http/Middleware/HideDebugbar.php(32): Illuminate\\Pipeline\\Pipeline->Illuminate\\Pipeline\\{closure}()
#22 /home/u261160140/domains/exploragoa.com/public_html/tripraja-tester/vendor/laravel/framework/src/Illuminate/Pipeline/Pipeline.php(180): App\\Http\\Middleware\\HideDebugbar->handle()
#23 /home/u261160140/domains/exploragoa.com/public_html/tripraja-tester/app/Http/Middleware/RedirectForMultiLanguage.php(58): Illuminate\\Pipeline\\Pipeline->Illuminate\\Pipeline\\{closure}()
#24 /home/u261160140/domains/exploragoa.com/public_html/tripraja-tester/vendor/laravel/framework/src/Illuminate/Pipeline/Pipeline.php(180): App\\Http\\Middleware\\RedirectForMultiLanguage->handle()
#25 /home/u261160140/domains/exploragoa.com/public_html/tripraja-tester/vendor/laravel/framework/src/Illuminate/Routing/Middleware/SubstituteBindings.php(50): Illuminate\\Pipeline\\Pipeline->Illuminate\\Pipeline\\{closure}()
#26 /home/u261160140/domains/exploragoa.com/public_html/tripraja-tester/vendor/laravel/framework/src/Illuminate/Pipeline/Pipeline.php(180): Illuminate\\Routing\\Middleware\\SubstituteBindings->handle()
#27 /home/u261160140/domains/exploragoa.com/public_html/tripraja-tester/vendor/laravel/framework/src/Illuminate/Foundation/Http/Middleware/VerifyCsrfToken.php(78): Illuminate\\Pipeline\\Pipeline->Illuminate\\Pipeline\\{closure}()
#28 /home/u261160140/domains/exploragoa.com/public_html/tripraja-tester/vendor/laravel/framework/src/Illuminate/Pipeline/Pipeline.php(180): Illuminate\\Foundation\\Http\\Middleware\\VerifyCsrfToken->handle()
#29 /home/u261160140/domains/exploragoa.com/public_html/tripraja-tester/vendor/laravel/framework/src/Illuminate/View/Middleware/ShareErrorsFromSession.php(49): Illuminate\\Pipeline\\Pipeline->Illuminate\\Pipeline\\{closure}()
#30 /home/u261160140/domains/exploragoa.com/public_html/tripraja-tester/vendor/laravel/framework/src/Illuminate/Pipeline/Pipeline.php(180): Illuminate\\View\\Middleware\\ShareErrorsFromSession->handle()
#31 /home/u261160140/domains/exploragoa.com/public_html/tripraja-tester/vendor/laravel/framework/src/Illuminate/Session/Middleware/StartSession.php(121): Illuminate\\Pipeline\\Pipeline->Illuminate\\Pipeline\\{closure}()
#32 /home/u261160140/domains/exploragoa.com/public_html/tripraja-tester/vendor/laravel/framework/src/Illuminate/Session/Middleware/StartSession.php(64): Illuminate\\Session\\Middleware\\StartSession->handleStatefulRequest()
#33 /home/u261160140/domains/exploragoa.com/public_html/tripraja-tester/vendor/laravel/framework/src/Illuminate/Pipeline/Pipeline.php(180): Illuminate\\Session\\Middleware\\StartSession->handle()
#34 /home/u261160140/domains/exploragoa.com/public_html/tripraja-tester/vendor/laravel/framework/src/Illuminate/Cookie/Middleware/AddQueuedCookiesToResponse.php(37): Illuminate\\Pipeline\\Pipeline->Illuminate\\Pipeline\\{closure}()
#35 /home/u261160140/domains/exploragoa.com/public_html/tripraja-tester/vendor/laravel/framework/src/Illuminate/Pipeline/Pipeline.php(180): Illuminate\\Cookie\\Middleware\\AddQueuedCookiesToResponse->handle()
#36 /home/u261160140/domains/exploragoa.com/public_html/tripraja-tester/vendor/laravel/framework/src/Illuminate/Cookie/Middleware/EncryptCookies.php(67): Illuminate\\Pipeline\\Pipeline->Illuminate\\Pipeline\\{closure}()
#37 /home/u261160140/domains/exploragoa.com/public_html/tripraja-tester/vendor/laravel/framework/src/Illuminate/Pipeline/Pipeline.php(180): Illuminate\\Cookie\\Middleware\\EncryptCookies->handle()
#38 /home/u261160140/domains/exploragoa.com/public_html/tripraja-tester/vendor/laravel/framework/src/Illuminate/Pipeline/Pipeline.php(116): Illuminate\\Pipeline\\Pipeline->Illuminate\\Pipeline\\{closure}()
#39 /home/u261160140/domains/exploragoa.com/public_html/tripraja-tester/vendor/laravel/framework/src/Illuminate/Routing/Router.php(799): Illuminate\\Pipeline\\Pipeline->then()
#40 /home/u261160140/domains/exploragoa.com/public_html/tripraja-tester/vendor/laravel/framework/src/Illuminate/Routing/Router.php(776): Illuminate\\Routing\\Router->runRouteWithinStack()
#41 /home/u261160140/domains/exploragoa.com/public_html/tripraja-tester/vendor/laravel/framework/src/Illuminate/Routing/Router.php(740): Illuminate\\Routing\\Router->runRoute()
#42 /home/u261160140/domains/exploragoa.com/public_html/tripraja-tester/vendor/laravel/framework/src/Illuminate/Routing/Router.php(729): Illuminate\\Routing\\Router->dispatchToRoute()
#43 /home/u261160140/domains/exploragoa.com/public_html/tripraja-tester/vendor/laravel/framework/src/Illuminate/Foundation/Http/Kernel.php(190): Illuminate\\Routing\\Router->dispatch()
#44 /home/u261160140/domains/exploragoa.com/public_html/tripraja-tester/vendor/laravel/framework/src/Illuminate/Pipeline/Pipeline.php(141): Illuminate\\Foundation\\Http\\Kernel->Illuminate\\Foundation\\Http\\{closure}()
#45 /home/u261160140/domains/exploragoa.com/public_html/tripraja-tester/themes/Base/Core/Middleware/RunUpdater.php(72): Illuminate\\Pipeline\\Pipeline->Illuminate\\Pipeline\\{closure}()
#46 /home/u261160140/domains/exploragoa.com/public_html/tripraja-tester/vendor/laravel/framework/src/Illuminate/Pipeline/Pipeline.php(180): Themes\\Base\\Core\\Middleware\\RunUpdater->handle()
#47 /home/u261160140/domains/exploragoa.com/public_html/tripraja-tester/vendor/barryvdh/laravel-debugbar/src/Middleware/InjectDebugbar.php(59): Illuminate\\Pipeline\\Pipeline->Illuminate\\Pipeline\\{closure}()
#48 /home/u261160140/domains/exploragoa.com/public_html/tripraja-tester/vendor/laravel/framework/src/Illuminate/Pipeline/Pipeline.php(180): Barryvdh\\Debugbar\\Middleware\\InjectDebugbar->handle()
#49 /home/u261160140/domains/exploragoa.com/public_html/tripraja-tester/vendor/laravel/framework/src/Illuminate/Foundation/Http/Middleware/TransformsRequest.php(21): Illuminate\\Pipeline\\Pipeline->Illuminate\\Pipeline\\{closure}()
#50 /home/u261160140/domains/exploragoa.com/public_html/tripraja-tester/vendor/laravel/framework/src/Illuminate/Foundation/Http/Middleware/ConvertEmptyStringsToNull.php(31): Illuminate\\Foundation\\Http\\Middleware\\TransformsRequest->handle()
#51 /home/u261160140/domains/exploragoa.com/public_html/tripraja-tester/vendor/laravel/framework/src/Illuminate/Pipeline/Pipeline.php(180): Illuminate\\Foundation\\Http\\Middleware\\ConvertEmptyStringsToNull->handle()
#52 /home/u261160140/domains/exploragoa.com/public_html/tripraja-tester/vendor/laravel/framework/src/Illuminate/Foundation/Http/Middleware/TransformsRequest.php(21): Illuminate\\Pipeline\\Pipeline->Illuminate\\Pipeline\\{closure}()
#53 /home/u261160140/domains/exploragoa.com/public_html/tripraja-tester/vendor/laravel/framework/src/Illuminate/Foundation/Http/Middleware/TrimStrings.php(40): Illuminate\\Foundation\\Http\\Middleware\\TransformsRequest->handle()
#54 /home/u261160140/domains/exploragoa.com/public_html/tripraja-tester/vendor/laravel/framework/src/Illuminate/Pipeline/Pipeline.php(180): Illuminate\\Foundation\\Http\\Middleware\\TrimStrings->handle()
#55 /home/u261160140/domains/exploragoa.com/public_html/tripraja-tester/vendor/laravel/framework/src/Illuminate/Foundation/Http/Middleware/ValidatePostSize.php(27): Illuminate\\Pipeline\\Pipeline->Illuminate\\Pipeline\\{closure}()
#56 /home/u261160140/domains/exploragoa.com/public_html/tripraja-tester/vendor/laravel/framework/src/Illuminate/Pipeline/Pipeline.php(180): Illuminate\\Foundation\\Http\\Middleware\\ValidatePostSize->handle()
#57 /home/u261160140/domains/exploragoa.com/public_html/tripraja-tester/vendor/laravel/framework/src/Illuminate/Foundation/Http/Middleware/PreventRequestsDuringMaintenance.php(86): Illuminate\\Pipeline\\Pipeline->Illuminate\\Pipeline\\{closure}()
#58 /home/u261160140/domains/exploragoa.com/public_html/tripraja-tester/vendor/laravel/framework/src/Illuminate/Pipeline/Pipeline.php(180): Illuminate\\Foundation\\Http\\Middleware\\PreventRequestsDuringMaintenance->handle()
#59 /home/u261160140/domains/exploragoa.com/public_html/tripraja-tester/vendor/laravel/framework/src/Illuminate/Http/Middleware/HandleCors.php(49): Illuminate\\Pipeline\\Pipeline->Illuminate\\Pipeline\\{closure}()
#60 /home/u261160140/domains/exploragoa.com/public_html/tripraja-tester/vendor/laravel/framework/src/Illuminate/Pipeline/Pipeline.php(180): Illuminate\\Http\\Middleware\\HandleCors->handle()
#61 /home/u261160140/domains/exploragoa.com/public_html/tripraja-tester/app/Http/Middleware/RedirectToInstaller.php(40): Illuminate\\Pipeline\\Pipeline->Illuminate\\Pipeline\\{closure}()
#62 /home/u261160140/domains/exploragoa.com/public_html/tripraja-tester/vendor/laravel/framework/src/Illuminate/Pipeline/Pipeline.php(180): App\\Http\\Middleware\\RedirectToInstaller->handle()
#63 /home/u261160140/domains/exploragoa.com/public_html/tripraja-tester/vendor/laravel/framework/src/Illuminate/Http/Middleware/TrustProxies.php(39): Illuminate\\Pipeline\\Pipeline->Illuminate\\Pipeline\\{closure}()
#64 /home/u261160140/domains/exploragoa.com/public_html/tripraja-tester/vendor/laravel/framework/src/Illuminate/Pipeline/Pipeline.php(180): Illuminate\\Http\\Middleware\\TrustProxies->handle()
#65 /home/u261160140/domains/exploragoa.com/public_html/tripraja-tester/vendor/laravel/framework/src/Illuminate/Pipeline/Pipeline.php(116): Illuminate\\Pipeline\\Pipeline->Illuminate\\Pipeline\\{closure}()
#66 /home/u261160140/domains/exploragoa.com/public_html/tripraja-tester/vendor/laravel/framework/src/Illuminate/Foundation/Http/Kernel.php(165): Illuminate\\Pipeline\\Pipeline->then()
#67 /home/u261160140/domains/exploragoa.com/public_html/tripraja-tester/vendor/laravel/framework/src/Illuminate/Foundation/Http/Kernel.php(134): Illuminate\\Foundation\\Http\\Kernel->sendRequestThroughRouter()
#68 /home/u261160140/domains/exploragoa.com/public_html/tripraja-tester/public/index.php(73): Illuminate\\Foundation\\Http\\Kernel->handle()
#69 {main}
"} 
