[2024-01-19 06:35:14] production.ERROR: SQLSTATE[42S02]: Base table or view not found: 1146 Table 'booking.core_settings' doesn't exist (SQL: select * from `core_settings` where `name` = site_locale limit 1) {"exception":"[object] (Illuminate\\Database\\QueryException(code: 42S02): SQLSTATE[42S02]: Base table or view not found: 1146 Table 'booking.core_settings' doesn't exist (SQL: select * from `core_settings` where `name` = site_locale limit 1) at /home/bst/Documents/trip/vendor/laravel/framework/src/Illuminate/Database/Connection.php:760)
[stacktrace]
#0 /home/bst/Documents/trip/vendor/laravel/framework/src/Illuminate/Database/Connection.php(720): Illuminate\\Database\\Connection->runQueryCallback()
#1 /home/bst/Documents/trip/vendor/laravel/framework/src/Illuminate/Database/Connection.php(422): Illuminate\\Database\\Connection->run()
#2 /home/bst/Documents/trip/vendor/laravel/framework/src/Illuminate/Database/Query/Builder.php(2706): Illuminate\\Database\\Connection->select()
#3 /home/bst/Documents/trip/vendor/laravel/framework/src/Illuminate/Database/Query/Builder.php(2694): Illuminate\\Database\\Query\\Builder->runSelect()
#4 /home/bst/Documents/trip/vendor/laravel/framework/src/Illuminate/Database/Query/Builder.php(3230): Illuminate\\Database\\Query\\Builder->Illuminate\\Database\\Query\\{closure}()
#5 /home/bst/Documents/trip/vendor/laravel/framework/src/Illuminate/Database/Query/Builder.php(2695): Illuminate\\Database\\Query\\Builder->onceWithColumns()
#6 /home/bst/Documents/trip/vendor/laravel/framework/src/Illuminate/Database/Eloquent/Builder.php(710): Illuminate\\Database\\Query\\Builder->get()
#7 /home/bst/Documents/trip/vendor/laravel/framework/src/Illuminate/Database/Eloquent/Builder.php(694): Illuminate\\Database\\Eloquent\\Builder->getModels()
#8 /home/bst/Documents/trip/vendor/laravel/framework/src/Illuminate/Database/Concerns/BuildsQueries.php(296): Illuminate\\Database\\Eloquent\\Builder->get()
#9 /home/bst/Documents/trip/modules/Core/Models/Settings.php(35): Illuminate\\Database\\Eloquent\\Builder->first()
#10 /home/bst/Documents/trip/vendor/laravel/framework/src/Illuminate/Cache/Repository.php(438): Modules\\Core\\Models\\Settings::Modules\\Core\\Models\\{closure}()
#11 /home/bst/Documents/trip/vendor/laravel/framework/src/Illuminate/Cache/CacheManager.php(408): Illuminate\\Cache\\Repository->rememberForever()
#12 /home/bst/Documents/trip/vendor/laravel/framework/src/Illuminate/Support/Facades/Facade.php(338): Illuminate\\Cache\\CacheManager->__call()
#13 /home/bst/Documents/trip/modules/Core/Models/Settings.php(37): Illuminate\\Support\\Facades\\Facade::__callStatic()
#14 /home/bst/Documents/trip/app/Helpers/AppHelper.php(18): Modules\\Core\\Models\\Settings::item()
#15 /home/bst/Documents/trip/modules/Language/Models/Language.php(33): setting_item()
#16 /home/bst/Documents/trip/vendor/laravel/framework/src/Illuminate/Cache/Repository.php(438): Modules\\Language\\Models\\Language::Modules\\Language\\Models\\{closure}()
#17 /home/bst/Documents/trip/vendor/laravel/framework/src/Illuminate/Cache/CacheManager.php(408): Illuminate\\Cache\\Repository->rememberForever()
#18 /home/bst/Documents/trip/vendor/laravel/framework/src/Illuminate/Support/Facades/Facade.php(338): Illuminate\\Cache\\CacheManager->__call()
#19 /home/bst/Documents/trip/modules/Language/Models/Language.php(34): Illuminate\\Support\\Facades\\Facade::__callStatic()
#20 /home/bst/Documents/trip/app/Providers/AppServiceProvider.php(198): Modules\\Language\\Models\\Language::getActive()
#21 /home/bst/Documents/trip/app/Providers/AppServiceProvider.php(43): App\\Providers\\AppServiceProvider->setLang()
#22 /home/bst/Documents/trip/vendor/laravel/framework/src/Illuminate/Container/BoundMethod.php(36): App\\Providers\\AppServiceProvider->boot()
#23 /home/bst/Documents/trip/vendor/laravel/framework/src/Illuminate/Container/Util.php(41): Illuminate\\Container\\BoundMethod::Illuminate\\Container\\{closure}()
#24 /home/bst/Documents/trip/vendor/laravel/framework/src/Illuminate/Container/BoundMethod.php(93): Illuminate\\Container\\Util::unwrapIfClosure()
#25 /home/bst/Documents/trip/vendor/laravel/framework/src/Illuminate/Container/BoundMethod.php(37): Illuminate\\Container\\BoundMethod::callBoundMethod()
#26 /home/bst/Documents/trip/vendor/laravel/framework/src/Illuminate/Container/Container.php(661): Illuminate\\Container\\BoundMethod::call()
#27 /home/bst/Documents/trip/vendor/laravel/framework/src/Illuminate/Foundation/Application.php(929): Illuminate\\Container\\Container->call()
#28 /home/bst/Documents/trip/vendor/laravel/framework/src/Illuminate/Foundation/Application.php(910): Illuminate\\Foundation\\Application->bootProvider()
#29 [internal function]: Illuminate\\Foundation\\Application->Illuminate\\Foundation\\{closure}()
#30 /home/bst/Documents/trip/vendor/laravel/framework/src/Illuminate/Foundation/Application.php(911): array_walk()
#31 /home/bst/Documents/trip/vendor/laravel/framework/src/Illuminate/Foundation/Bootstrap/BootProviders.php(17): Illuminate\\Foundation\\Application->boot()
#32 /home/bst/Documents/trip/vendor/laravel/framework/src/Illuminate/Foundation/Application.php(242): Illuminate\\Foundation\\Bootstrap\\BootProviders->bootstrap()
#33 /home/bst/Documents/trip/vendor/laravel/framework/src/Illuminate/Foundation/Console/Kernel.php(383): Illuminate\\Foundation\\Application->bootstrapWith()
#34 /home/bst/Documents/trip/vendor/laravel/framework/src/Illuminate/Foundation/Console/Kernel.php(153): Illuminate\\Foundation\\Console\\Kernel->bootstrap()
#35 /home/bst/Documents/trip/artisan(40): Illuminate\\Foundation\\Console\\Kernel->handle()
#36 {main}

[previous exception] [object] (PDOException(code: 42S02): SQLSTATE[42S02]: Base table or view not found: 1146 Table 'booking.core_settings' doesn't exist at /home/bst/Documents/trip/vendor/laravel/framework/src/Illuminate/Database/Connection.php:414)
[stacktrace]
#0 /home/bst/Documents/trip/vendor/laravel/framework/src/Illuminate/Database/Connection.php(414): PDO->prepare()
#1 /home/bst/Documents/trip/vendor/laravel/framework/src/Illuminate/Database/Connection.php(753): Illuminate\\Database\\Connection->Illuminate\\Database\\{closure}()
#2 /home/bst/Documents/trip/vendor/laravel/framework/src/Illuminate/Database/Connection.php(720): Illuminate\\Database\\Connection->runQueryCallback()
#3 /home/bst/Documents/trip/vendor/laravel/framework/src/Illuminate/Database/Connection.php(422): Illuminate\\Database\\Connection->run()
#4 /home/bst/Documents/trip/vendor/laravel/framework/src/Illuminate/Database/Query/Builder.php(2706): Illuminate\\Database\\Connection->select()
#5 /home/bst/Documents/trip/vendor/laravel/framework/src/Illuminate/Database/Query/Builder.php(2694): Illuminate\\Database\\Query\\Builder->runSelect()
#6 /home/bst/Documents/trip/vendor/laravel/framework/src/Illuminate/Database/Query/Builder.php(3230): Illuminate\\Database\\Query\\Builder->Illuminate\\Database\\Query\\{closure}()
#7 /home/bst/Documents/trip/vendor/laravel/framework/src/Illuminate/Database/Query/Builder.php(2695): Illuminate\\Database\\Query\\Builder->onceWithColumns()
#8 /home/bst/Documents/trip/vendor/laravel/framework/src/Illuminate/Database/Eloquent/Builder.php(710): Illuminate\\Database\\Query\\Builder->get()
#9 /home/bst/Documents/trip/vendor/laravel/framework/src/Illuminate/Database/Eloquent/Builder.php(694): Illuminate\\Database\\Eloquent\\Builder->getModels()
#10 /home/bst/Documents/trip/vendor/laravel/framework/src/Illuminate/Database/Concerns/BuildsQueries.php(296): Illuminate\\Database\\Eloquent\\Builder->get()
#11 /home/bst/Documents/trip/modules/Core/Models/Settings.php(35): Illuminate\\Database\\Eloquent\\Builder->first()
#12 /home/bst/Documents/trip/vendor/laravel/framework/src/Illuminate/Cache/Repository.php(438): Modules\\Core\\Models\\Settings::Modules\\Core\\Models\\{closure}()
#13 /home/bst/Documents/trip/vendor/laravel/framework/src/Illuminate/Cache/CacheManager.php(408): Illuminate\\Cache\\Repository->rememberForever()
#14 /home/bst/Documents/trip/vendor/laravel/framework/src/Illuminate/Support/Facades/Facade.php(338): Illuminate\\Cache\\CacheManager->__call()
#15 /home/bst/Documents/trip/modules/Core/Models/Settings.php(37): Illuminate\\Support\\Facades\\Facade::__callStatic()
#16 /home/bst/Documents/trip/app/Helpers/AppHelper.php(18): Modules\\Core\\Models\\Settings::item()
#17 /home/bst/Documents/trip/modules/Language/Models/Language.php(33): setting_item()
#18 /home/bst/Documents/trip/vendor/laravel/framework/src/Illuminate/Cache/Repository.php(438): Modules\\Language\\Models\\Language::Modules\\Language\\Models\\{closure}()
#19 /home/bst/Documents/trip/vendor/laravel/framework/src/Illuminate/Cache/CacheManager.php(408): Illuminate\\Cache\\Repository->rememberForever()
#20 /home/bst/Documents/trip/vendor/laravel/framework/src/Illuminate/Support/Facades/Facade.php(338): Illuminate\\Cache\\CacheManager->__call()
#21 /home/bst/Documents/trip/modules/Language/Models/Language.php(34): Illuminate\\Support\\Facades\\Facade::__callStatic()
#22 /home/bst/Documents/trip/app/Providers/AppServiceProvider.php(198): Modules\\Language\\Models\\Language::getActive()
#23 /home/bst/Documents/trip/app/Providers/AppServiceProvider.php(43): App\\Providers\\AppServiceProvider->setLang()
#24 /home/bst/Documents/trip/vendor/laravel/framework/src/Illuminate/Container/BoundMethod.php(36): App\\Providers\\AppServiceProvider->boot()
#25 /home/bst/Documents/trip/vendor/laravel/framework/src/Illuminate/Container/Util.php(41): Illuminate\\Container\\BoundMethod::Illuminate\\Container\\{closure}()
#26 /home/bst/Documents/trip/vendor/laravel/framework/src/Illuminate/Container/BoundMethod.php(93): Illuminate\\Container\\Util::unwrapIfClosure()
#27 /home/bst/Documents/trip/vendor/laravel/framework/src/Illuminate/Container/BoundMethod.php(37): Illuminate\\Container\\BoundMethod::callBoundMethod()
#28 /home/bst/Documents/trip/vendor/laravel/framework/src/Illuminate/Container/Container.php(661): Illuminate\\Container\\BoundMethod::call()
#29 /home/bst/Documents/trip/vendor/laravel/framework/src/Illuminate/Foundation/Application.php(929): Illuminate\\Container\\Container->call()
#30 /home/bst/Documents/trip/vendor/laravel/framework/src/Illuminate/Foundation/Application.php(910): Illuminate\\Foundation\\Application->bootProvider()
#31 [internal function]: Illuminate\\Foundation\\Application->Illuminate\\Foundation\\{closure}()
#32 /home/bst/Documents/trip/vendor/laravel/framework/src/Illuminate/Foundation/Application.php(911): array_walk()
#33 /home/bst/Documents/trip/vendor/laravel/framework/src/Illuminate/Foundation/Bootstrap/BootProviders.php(17): Illuminate\\Foundation\\Application->boot()
#34 /home/bst/Documents/trip/vendor/laravel/framework/src/Illuminate/Foundation/Application.php(242): Illuminate\\Foundation\\Bootstrap\\BootProviders->bootstrap()
#35 /home/bst/Documents/trip/vendor/laravel/framework/src/Illuminate/Foundation/Console/Kernel.php(383): Illuminate\\Foundation\\Application->bootstrapWith()
#36 /home/bst/Documents/trip/vendor/laravel/framework/src/Illuminate/Foundation/Console/Kernel.php(153): Illuminate\\Foundation\\Console\\Kernel->bootstrap()
#37 /home/bst/Documents/trip/artisan(40): Illuminate\\Foundation\\Console\\Kernel->handle()
#38 {main}
"} 
[2024-01-19 06:35:23] production.ERROR: SQLSTATE[42S02]: Base table or view not found: 1146 Table 'booking.core_settings' doesn't exist (SQL: select * from `core_settings` where `name` = site_locale limit 1) {"exception":"[object] (Illuminate\\Database\\QueryException(code: 42S02): SQLSTATE[42S02]: Base table or view not found: 1146 Table 'booking.core_settings' doesn't exist (SQL: select * from `core_settings` where `name` = site_locale limit 1) at /home/bst/Documents/trip/vendor/laravel/framework/src/Illuminate/Database/Connection.php:760)
[stacktrace]
#0 /home/bst/Documents/trip/vendor/laravel/framework/src/Illuminate/Database/Connection.php(720): Illuminate\\Database\\Connection->runQueryCallback()
#1 /home/bst/Documents/trip/vendor/laravel/framework/src/Illuminate/Database/Connection.php(422): Illuminate\\Database\\Connection->run()
#2 /home/bst/Documents/trip/vendor/laravel/framework/src/Illuminate/Database/Query/Builder.php(2706): Illuminate\\Database\\Connection->select()
#3 /home/bst/Documents/trip/vendor/laravel/framework/src/Illuminate/Database/Query/Builder.php(2694): Illuminate\\Database\\Query\\Builder->runSelect()
#4 /home/bst/Documents/trip/vendor/laravel/framework/src/Illuminate/Database/Query/Builder.php(3230): Illuminate\\Database\\Query\\Builder->Illuminate\\Database\\Query\\{closure}()
#5 /home/bst/Documents/trip/vendor/laravel/framework/src/Illuminate/Database/Query/Builder.php(2695): Illuminate\\Database\\Query\\Builder->onceWithColumns()
#6 /home/bst/Documents/trip/vendor/laravel/framework/src/Illuminate/Database/Eloquent/Builder.php(710): Illuminate\\Database\\Query\\Builder->get()
#7 /home/bst/Documents/trip/vendor/laravel/framework/src/Illuminate/Database/Eloquent/Builder.php(694): Illuminate\\Database\\Eloquent\\Builder->getModels()
#8 /home/bst/Documents/trip/vendor/laravel/framework/src/Illuminate/Database/Concerns/BuildsQueries.php(296): Illuminate\\Database\\Eloquent\\Builder->get()
#9 /home/bst/Documents/trip/modules/Core/Models/Settings.php(35): Illuminate\\Database\\Eloquent\\Builder->first()
#10 /home/bst/Documents/trip/vendor/laravel/framework/src/Illuminate/Cache/Repository.php(438): Modules\\Core\\Models\\Settings::Modules\\Core\\Models\\{closure}()
#11 /home/bst/Documents/trip/vendor/laravel/framework/src/Illuminate/Cache/CacheManager.php(408): Illuminate\\Cache\\Repository->rememberForever()
#12 /home/bst/Documents/trip/vendor/laravel/framework/src/Illuminate/Support/Facades/Facade.php(338): Illuminate\\Cache\\CacheManager->__call()
#13 /home/bst/Documents/trip/modules/Core/Models/Settings.php(37): Illuminate\\Support\\Facades\\Facade::__callStatic()
#14 /home/bst/Documents/trip/app/Helpers/AppHelper.php(18): Modules\\Core\\Models\\Settings::item()
#15 /home/bst/Documents/trip/modules/Language/Models/Language.php(33): setting_item()
#16 /home/bst/Documents/trip/vendor/laravel/framework/src/Illuminate/Cache/Repository.php(438): Modules\\Language\\Models\\Language::Modules\\Language\\Models\\{closure}()
#17 /home/bst/Documents/trip/vendor/laravel/framework/src/Illuminate/Cache/CacheManager.php(408): Illuminate\\Cache\\Repository->rememberForever()
#18 /home/bst/Documents/trip/vendor/laravel/framework/src/Illuminate/Support/Facades/Facade.php(338): Illuminate\\Cache\\CacheManager->__call()
#19 /home/bst/Documents/trip/modules/Language/Models/Language.php(34): Illuminate\\Support\\Facades\\Facade::__callStatic()
#20 /home/bst/Documents/trip/app/Providers/AppServiceProvider.php(198): Modules\\Language\\Models\\Language::getActive()
#21 /home/bst/Documents/trip/app/Providers/AppServiceProvider.php(43): App\\Providers\\AppServiceProvider->setLang()
#22 /home/bst/Documents/trip/vendor/laravel/framework/src/Illuminate/Container/BoundMethod.php(36): App\\Providers\\AppServiceProvider->boot()
#23 /home/bst/Documents/trip/vendor/laravel/framework/src/Illuminate/Container/Util.php(41): Illuminate\\Container\\BoundMethod::Illuminate\\Container\\{closure}()
#24 /home/bst/Documents/trip/vendor/laravel/framework/src/Illuminate/Container/BoundMethod.php(93): Illuminate\\Container\\Util::unwrapIfClosure()
#25 /home/bst/Documents/trip/vendor/laravel/framework/src/Illuminate/Container/BoundMethod.php(37): Illuminate\\Container\\BoundMethod::callBoundMethod()
#26 /home/bst/Documents/trip/vendor/laravel/framework/src/Illuminate/Container/Container.php(661): Illuminate\\Container\\BoundMethod::call()
#27 /home/bst/Documents/trip/vendor/laravel/framework/src/Illuminate/Foundation/Application.php(929): Illuminate\\Container\\Container->call()
#28 /home/bst/Documents/trip/vendor/laravel/framework/src/Illuminate/Foundation/Application.php(910): Illuminate\\Foundation\\Application->bootProvider()
#29 [internal function]: Illuminate\\Foundation\\Application->Illuminate\\Foundation\\{closure}()
#30 /home/bst/Documents/trip/vendor/laravel/framework/src/Illuminate/Foundation/Application.php(911): array_walk()
#31 /home/bst/Documents/trip/vendor/laravel/framework/src/Illuminate/Foundation/Bootstrap/BootProviders.php(17): Illuminate\\Foundation\\Application->boot()
#32 /home/bst/Documents/trip/vendor/laravel/framework/src/Illuminate/Foundation/Application.php(242): Illuminate\\Foundation\\Bootstrap\\BootProviders->bootstrap()
#33 /home/bst/Documents/trip/vendor/laravel/framework/src/Illuminate/Foundation/Console/Kernel.php(383): Illuminate\\Foundation\\Application->bootstrapWith()
#34 /home/bst/Documents/trip/vendor/laravel/framework/src/Illuminate/Foundation/Console/Kernel.php(153): Illuminate\\Foundation\\Console\\Kernel->bootstrap()
#35 /home/bst/Documents/trip/artisan(40): Illuminate\\Foundation\\Console\\Kernel->handle()
#36 {main}

[previous exception] [object] (PDOException(code: 42S02): SQLSTATE[42S02]: Base table or view not found: 1146 Table 'booking.core_settings' doesn't exist at /home/bst/Documents/trip/vendor/laravel/framework/src/Illuminate/Database/Connection.php:414)
[stacktrace]
#0 /home/bst/Documents/trip/vendor/laravel/framework/src/Illuminate/Database/Connection.php(414): PDO->prepare()
#1 /home/bst/Documents/trip/vendor/laravel/framework/src/Illuminate/Database/Connection.php(753): Illuminate\\Database\\Connection->Illuminate\\Database\\{closure}()
#2 /home/bst/Documents/trip/vendor/laravel/framework/src/Illuminate/Database/Connection.php(720): Illuminate\\Database\\Connection->runQueryCallback()
#3 /home/bst/Documents/trip/vendor/laravel/framework/src/Illuminate/Database/Connection.php(422): Illuminate\\Database\\Connection->run()
#4 /home/bst/Documents/trip/vendor/laravel/framework/src/Illuminate/Database/Query/Builder.php(2706): Illuminate\\Database\\Connection->select()
#5 /home/bst/Documents/trip/vendor/laravel/framework/src/Illuminate/Database/Query/Builder.php(2694): Illuminate\\Database\\Query\\Builder->runSelect()
#6 /home/bst/Documents/trip/vendor/laravel/framework/src/Illuminate/Database/Query/Builder.php(3230): Illuminate\\Database\\Query\\Builder->Illuminate\\Database\\Query\\{closure}()
#7 /home/bst/Documents/trip/vendor/laravel/framework/src/Illuminate/Database/Query/Builder.php(2695): Illuminate\\Database\\Query\\Builder->onceWithColumns()
#8 /home/bst/Documents/trip/vendor/laravel/framework/src/Illuminate/Database/Eloquent/Builder.php(710): Illuminate\\Database\\Query\\Builder->get()
#9 /home/bst/Documents/trip/vendor/laravel/framework/src/Illuminate/Database/Eloquent/Builder.php(694): Illuminate\\Database\\Eloquent\\Builder->getModels()
#10 /home/bst/Documents/trip/vendor/laravel/framework/src/Illuminate/Database/Concerns/BuildsQueries.php(296): Illuminate\\Database\\Eloquent\\Builder->get()
#11 /home/bst/Documents/trip/modules/Core/Models/Settings.php(35): Illuminate\\Database\\Eloquent\\Builder->first()
#12 /home/bst/Documents/trip/vendor/laravel/framework/src/Illuminate/Cache/Repository.php(438): Modules\\Core\\Models\\Settings::Modules\\Core\\Models\\{closure}()
#13 /home/bst/Documents/trip/vendor/laravel/framework/src/Illuminate/Cache/CacheManager.php(408): Illuminate\\Cache\\Repository->rememberForever()
#14 /home/bst/Documents/trip/vendor/laravel/framework/src/Illuminate/Support/Facades/Facade.php(338): Illuminate\\Cache\\CacheManager->__call()
#15 /home/bst/Documents/trip/modules/Core/Models/Settings.php(37): Illuminate\\Support\\Facades\\Facade::__callStatic()
#16 /home/bst/Documents/trip/app/Helpers/AppHelper.php(18): Modules\\Core\\Models\\Settings::item()
#17 /home/bst/Documents/trip/modules/Language/Models/Language.php(33): setting_item()
#18 /home/bst/Documents/trip/vendor/laravel/framework/src/Illuminate/Cache/Repository.php(438): Modules\\Language\\Models\\Language::Modules\\Language\\Models\\{closure}()
#19 /home/bst/Documents/trip/vendor/laravel/framework/src/Illuminate/Cache/CacheManager.php(408): Illuminate\\Cache\\Repository->rememberForever()
#20 /home/bst/Documents/trip/vendor/laravel/framework/src/Illuminate/Support/Facades/Facade.php(338): Illuminate\\Cache\\CacheManager->__call()
#21 /home/bst/Documents/trip/modules/Language/Models/Language.php(34): Illuminate\\Support\\Facades\\Facade::__callStatic()
#22 /home/bst/Documents/trip/app/Providers/AppServiceProvider.php(198): Modules\\Language\\Models\\Language::getActive()
#23 /home/bst/Documents/trip/app/Providers/AppServiceProvider.php(43): App\\Providers\\AppServiceProvider->setLang()
#24 /home/bst/Documents/trip/vendor/laravel/framework/src/Illuminate/Container/BoundMethod.php(36): App\\Providers\\AppServiceProvider->boot()
#25 /home/bst/Documents/trip/vendor/laravel/framework/src/Illuminate/Container/Util.php(41): Illuminate\\Container\\BoundMethod::Illuminate\\Container\\{closure}()
#26 /home/bst/Documents/trip/vendor/laravel/framework/src/Illuminate/Container/BoundMethod.php(93): Illuminate\\Container\\Util::unwrapIfClosure()
#27 /home/bst/Documents/trip/vendor/laravel/framework/src/Illuminate/Container/BoundMethod.php(37): Illuminate\\Container\\BoundMethod::callBoundMethod()
#28 /home/bst/Documents/trip/vendor/laravel/framework/src/Illuminate/Container/Container.php(661): Illuminate\\Container\\BoundMethod::call()
#29 /home/bst/Documents/trip/vendor/laravel/framework/src/Illuminate/Foundation/Application.php(929): Illuminate\\Container\\Container->call()
#30 /home/bst/Documents/trip/vendor/laravel/framework/src/Illuminate/Foundation/Application.php(910): Illuminate\\Foundation\\Application->bootProvider()
#31 [internal function]: Illuminate\\Foundation\\Application->Illuminate\\Foundation\\{closure}()
#32 /home/bst/Documents/trip/vendor/laravel/framework/src/Illuminate/Foundation/Application.php(911): array_walk()
#33 /home/bst/Documents/trip/vendor/laravel/framework/src/Illuminate/Foundation/Bootstrap/BootProviders.php(17): Illuminate\\Foundation\\Application->boot()
#34 /home/bst/Documents/trip/vendor/laravel/framework/src/Illuminate/Foundation/Application.php(242): Illuminate\\Foundation\\Bootstrap\\BootProviders->bootstrap()
#35 /home/bst/Documents/trip/vendor/laravel/framework/src/Illuminate/Foundation/Console/Kernel.php(383): Illuminate\\Foundation\\Application->bootstrapWith()
#36 /home/bst/Documents/trip/vendor/laravel/framework/src/Illuminate/Foundation/Console/Kernel.php(153): Illuminate\\Foundation\\Console\\Kernel->bootstrap()
#37 /home/bst/Documents/trip/artisan(40): Illuminate\\Foundation\\Console\\Kernel->handle()
#38 {main}
"} 
[2024-01-19 06:36:49] production.ERROR: SQLSTATE[42S02]: Base table or view not found: 1146 Table 'booking.core_settings' doesn't exist (SQL: select * from `core_settings` where `name` = site_locale limit 1) {"exception":"[object] (Illuminate\\Database\\QueryException(code: 42S02): SQLSTATE[42S02]: Base table or view not found: 1146 Table 'booking.core_settings' doesn't exist (SQL: select * from `core_settings` where `name` = site_locale limit 1) at /home/bst/Documents/trip/vendor/laravel/framework/src/Illuminate/Database/Connection.php:760)
[stacktrace]
#0 /home/bst/Documents/trip/vendor/laravel/framework/src/Illuminate/Database/Connection.php(720): Illuminate\\Database\\Connection->runQueryCallback()
#1 /home/bst/Documents/trip/vendor/laravel/framework/src/Illuminate/Database/Connection.php(422): Illuminate\\Database\\Connection->run()
#2 /home/bst/Documents/trip/vendor/laravel/framework/src/Illuminate/Database/Query/Builder.php(2706): Illuminate\\Database\\Connection->select()
#3 /home/bst/Documents/trip/vendor/laravel/framework/src/Illuminate/Database/Query/Builder.php(2694): Illuminate\\Database\\Query\\Builder->runSelect()
#4 /home/bst/Documents/trip/vendor/laravel/framework/src/Illuminate/Database/Query/Builder.php(3230): Illuminate\\Database\\Query\\Builder->Illuminate\\Database\\Query\\{closure}()
#5 /home/bst/Documents/trip/vendor/laravel/framework/src/Illuminate/Database/Query/Builder.php(2695): Illuminate\\Database\\Query\\Builder->onceWithColumns()
#6 /home/bst/Documents/trip/vendor/laravel/framework/src/Illuminate/Database/Eloquent/Builder.php(710): Illuminate\\Database\\Query\\Builder->get()
#7 /home/bst/Documents/trip/vendor/laravel/framework/src/Illuminate/Database/Eloquent/Builder.php(694): Illuminate\\Database\\Eloquent\\Builder->getModels()
#8 /home/bst/Documents/trip/vendor/laravel/framework/src/Illuminate/Database/Concerns/BuildsQueries.php(296): Illuminate\\Database\\Eloquent\\Builder->get()
#9 /home/bst/Documents/trip/modules/Core/Models/Settings.php(35): Illuminate\\Database\\Eloquent\\Builder->first()
#10 /home/bst/Documents/trip/vendor/laravel/framework/src/Illuminate/Cache/Repository.php(438): Modules\\Core\\Models\\Settings::Modules\\Core\\Models\\{closure}()
#11 /home/bst/Documents/trip/vendor/laravel/framework/src/Illuminate/Cache/CacheManager.php(408): Illuminate\\Cache\\Repository->rememberForever()
#12 /home/bst/Documents/trip/vendor/laravel/framework/src/Illuminate/Support/Facades/Facade.php(338): Illuminate\\Cache\\CacheManager->__call()
#13 /home/bst/Documents/trip/modules/Core/Models/Settings.php(37): Illuminate\\Support\\Facades\\Facade::__callStatic()
#14 /home/bst/Documents/trip/app/Helpers/AppHelper.php(18): Modules\\Core\\Models\\Settings::item()
#15 /home/bst/Documents/trip/modules/Language/Models/Language.php(33): setting_item()
#16 /home/bst/Documents/trip/vendor/laravel/framework/src/Illuminate/Cache/Repository.php(438): Modules\\Language\\Models\\Language::Modules\\Language\\Models\\{closure}()
#17 /home/bst/Documents/trip/vendor/laravel/framework/src/Illuminate/Cache/CacheManager.php(408): Illuminate\\Cache\\Repository->rememberForever()
#18 /home/bst/Documents/trip/vendor/laravel/framework/src/Illuminate/Support/Facades/Facade.php(338): Illuminate\\Cache\\CacheManager->__call()
#19 /home/bst/Documents/trip/modules/Language/Models/Language.php(34): Illuminate\\Support\\Facades\\Facade::__callStatic()
#20 /home/bst/Documents/trip/app/Providers/AppServiceProvider.php(198): Modules\\Language\\Models\\Language::getActive()
#21 /home/bst/Documents/trip/app/Providers/AppServiceProvider.php(43): App\\Providers\\AppServiceProvider->setLang()
#22 /home/bst/Documents/trip/vendor/laravel/framework/src/Illuminate/Container/BoundMethod.php(36): App\\Providers\\AppServiceProvider->boot()
#23 /home/bst/Documents/trip/vendor/laravel/framework/src/Illuminate/Container/Util.php(41): Illuminate\\Container\\BoundMethod::Illuminate\\Container\\{closure}()
#24 /home/bst/Documents/trip/vendor/laravel/framework/src/Illuminate/Container/BoundMethod.php(93): Illuminate\\Container\\Util::unwrapIfClosure()
#25 /home/bst/Documents/trip/vendor/laravel/framework/src/Illuminate/Container/BoundMethod.php(37): Illuminate\\Container\\BoundMethod::callBoundMethod()
#26 /home/bst/Documents/trip/vendor/laravel/framework/src/Illuminate/Container/Container.php(661): Illuminate\\Container\\BoundMethod::call()
#27 /home/bst/Documents/trip/vendor/laravel/framework/src/Illuminate/Foundation/Application.php(929): Illuminate\\Container\\Container->call()
#28 /home/bst/Documents/trip/vendor/laravel/framework/src/Illuminate/Foundation/Application.php(910): Illuminate\\Foundation\\Application->bootProvider()
#29 [internal function]: Illuminate\\Foundation\\Application->Illuminate\\Foundation\\{closure}()
#30 /home/bst/Documents/trip/vendor/laravel/framework/src/Illuminate/Foundation/Application.php(911): array_walk()
#31 /home/bst/Documents/trip/vendor/laravel/framework/src/Illuminate/Foundation/Bootstrap/BootProviders.php(17): Illuminate\\Foundation\\Application->boot()
#32 /home/bst/Documents/trip/vendor/laravel/framework/src/Illuminate/Foundation/Application.php(242): Illuminate\\Foundation\\Bootstrap\\BootProviders->bootstrap()
#33 /home/bst/Documents/trip/vendor/laravel/framework/src/Illuminate/Foundation/Console/Kernel.php(383): Illuminate\\Foundation\\Application->bootstrapWith()
#34 /home/bst/Documents/trip/vendor/laravel/framework/src/Illuminate/Foundation/Console/Kernel.php(153): Illuminate\\Foundation\\Console\\Kernel->bootstrap()
#35 /home/bst/Documents/trip/artisan(40): Illuminate\\Foundation\\Console\\Kernel->handle()
#36 {main}

[previous exception] [object] (PDOException(code: 42S02): SQLSTATE[42S02]: Base table or view not found: 1146 Table 'booking.core_settings' doesn't exist at /home/bst/Documents/trip/vendor/laravel/framework/src/Illuminate/Database/Connection.php:414)
[stacktrace]
#0 /home/bst/Documents/trip/vendor/laravel/framework/src/Illuminate/Database/Connection.php(414): PDO->prepare()
#1 /home/bst/Documents/trip/vendor/laravel/framework/src/Illuminate/Database/Connection.php(753): Illuminate\\Database\\Connection->Illuminate\\Database\\{closure}()
#2 /home/bst/Documents/trip/vendor/laravel/framework/src/Illuminate/Database/Connection.php(720): Illuminate\\Database\\Connection->runQueryCallback()
#3 /home/bst/Documents/trip/vendor/laravel/framework/src/Illuminate/Database/Connection.php(422): Illuminate\\Database\\Connection->run()
#4 /home/bst/Documents/trip/vendor/laravel/framework/src/Illuminate/Database/Query/Builder.php(2706): Illuminate\\Database\\Connection->select()
#5 /home/bst/Documents/trip/vendor/laravel/framework/src/Illuminate/Database/Query/Builder.php(2694): Illuminate\\Database\\Query\\Builder->runSelect()
#6 /home/bst/Documents/trip/vendor/laravel/framework/src/Illuminate/Database/Query/Builder.php(3230): Illuminate\\Database\\Query\\Builder->Illuminate\\Database\\Query\\{closure}()
#7 /home/bst/Documents/trip/vendor/laravel/framework/src/Illuminate/Database/Query/Builder.php(2695): Illuminate\\Database\\Query\\Builder->onceWithColumns()
#8 /home/bst/Documents/trip/vendor/laravel/framework/src/Illuminate/Database/Eloquent/Builder.php(710): Illuminate\\Database\\Query\\Builder->get()
#9 /home/bst/Documents/trip/vendor/laravel/framework/src/Illuminate/Database/Eloquent/Builder.php(694): Illuminate\\Database\\Eloquent\\Builder->getModels()
#10 /home/bst/Documents/trip/vendor/laravel/framework/src/Illuminate/Database/Concerns/BuildsQueries.php(296): Illuminate\\Database\\Eloquent\\Builder->get()
#11 /home/bst/Documents/trip/modules/Core/Models/Settings.php(35): Illuminate\\Database\\Eloquent\\Builder->first()
#12 /home/bst/Documents/trip/vendor/laravel/framework/src/Illuminate/Cache/Repository.php(438): Modules\\Core\\Models\\Settings::Modules\\Core\\Models\\{closure}()
#13 /home/bst/Documents/trip/vendor/laravel/framework/src/Illuminate/Cache/CacheManager.php(408): Illuminate\\Cache\\Repository->rememberForever()
#14 /home/bst/Documents/trip/vendor/laravel/framework/src/Illuminate/Support/Facades/Facade.php(338): Illuminate\\Cache\\CacheManager->__call()
#15 /home/bst/Documents/trip/modules/Core/Models/Settings.php(37): Illuminate\\Support\\Facades\\Facade::__callStatic()
#16 /home/bst/Documents/trip/app/Helpers/AppHelper.php(18): Modules\\Core\\Models\\Settings::item()
#17 /home/bst/Documents/trip/modules/Language/Models/Language.php(33): setting_item()
#18 /home/bst/Documents/trip/vendor/laravel/framework/src/Illuminate/Cache/Repository.php(438): Modules\\Language\\Models\\Language::Modules\\Language\\Models\\{closure}()
#19 /home/bst/Documents/trip/vendor/laravel/framework/src/Illuminate/Cache/CacheManager.php(408): Illuminate\\Cache\\Repository->rememberForever()
#20 /home/bst/Documents/trip/vendor/laravel/framework/src/Illuminate/Support/Facades/Facade.php(338): Illuminate\\Cache\\CacheManager->__call()
#21 /home/bst/Documents/trip/modules/Language/Models/Language.php(34): Illuminate\\Support\\Facades\\Facade::__callStatic()
#22 /home/bst/Documents/trip/app/Providers/AppServiceProvider.php(198): Modules\\Language\\Models\\Language::getActive()
#23 /home/bst/Documents/trip/app/Providers/AppServiceProvider.php(43): App\\Providers\\AppServiceProvider->setLang()
#24 /home/bst/Documents/trip/vendor/laravel/framework/src/Illuminate/Container/BoundMethod.php(36): App\\Providers\\AppServiceProvider->boot()
#25 /home/bst/Documents/trip/vendor/laravel/framework/src/Illuminate/Container/Util.php(41): Illuminate\\Container\\BoundMethod::Illuminate\\Container\\{closure}()
#26 /home/bst/Documents/trip/vendor/laravel/framework/src/Illuminate/Container/BoundMethod.php(93): Illuminate\\Container\\Util::unwrapIfClosure()
#27 /home/bst/Documents/trip/vendor/laravel/framework/src/Illuminate/Container/BoundMethod.php(37): Illuminate\\Container\\BoundMethod::callBoundMethod()
#28 /home/bst/Documents/trip/vendor/laravel/framework/src/Illuminate/Container/Container.php(661): Illuminate\\Container\\BoundMethod::call()
#29 /home/bst/Documents/trip/vendor/laravel/framework/src/Illuminate/Foundation/Application.php(929): Illuminate\\Container\\Container->call()
#30 /home/bst/Documents/trip/vendor/laravel/framework/src/Illuminate/Foundation/Application.php(910): Illuminate\\Foundation\\Application->bootProvider()
#31 [internal function]: Illuminate\\Foundation\\Application->Illuminate\\Foundation\\{closure}()
#32 /home/bst/Documents/trip/vendor/laravel/framework/src/Illuminate/Foundation/Application.php(911): array_walk()
#33 /home/bst/Documents/trip/vendor/laravel/framework/src/Illuminate/Foundation/Bootstrap/BootProviders.php(17): Illuminate\\Foundation\\Application->boot()
#34 /home/bst/Documents/trip/vendor/laravel/framework/src/Illuminate/Foundation/Application.php(242): Illuminate\\Foundation\\Bootstrap\\BootProviders->bootstrap()
#35 /home/bst/Documents/trip/vendor/laravel/framework/src/Illuminate/Foundation/Console/Kernel.php(383): Illuminate\\Foundation\\Application->bootstrapWith()
#36 /home/bst/Documents/trip/vendor/laravel/framework/src/Illuminate/Foundation/Console/Kernel.php(153): Illuminate\\Foundation\\Console\\Kernel->bootstrap()
#37 /home/bst/Documents/trip/artisan(40): Illuminate\\Foundation\\Console\\Kernel->handle()
#38 {main}
"} 
[2024-01-19 06:38:03] production.ERROR: SQLSTATE[42S02]: Base table or view not found: 1146 Table 'booking.core_settings' doesn't exist (SQL: select * from `core_settings` where `name` = site_locale limit 1) {"exception":"[object] (Illuminate\\Database\\QueryException(code: 42S02): SQLSTATE[42S02]: Base table or view not found: 1146 Table 'booking.core_settings' doesn't exist (SQL: select * from `core_settings` where `name` = site_locale limit 1) at /home/bst/Documents/trip/vendor/laravel/framework/src/Illuminate/Database/Connection.php:760)
[stacktrace]
#0 /home/bst/Documents/trip/vendor/laravel/framework/src/Illuminate/Database/Connection.php(720): Illuminate\\Database\\Connection->runQueryCallback()
#1 /home/bst/Documents/trip/vendor/laravel/framework/src/Illuminate/Database/Connection.php(422): Illuminate\\Database\\Connection->run()
#2 /home/bst/Documents/trip/vendor/laravel/framework/src/Illuminate/Database/Query/Builder.php(2706): Illuminate\\Database\\Connection->select()
#3 /home/bst/Documents/trip/vendor/laravel/framework/src/Illuminate/Database/Query/Builder.php(2694): Illuminate\\Database\\Query\\Builder->runSelect()
#4 /home/bst/Documents/trip/vendor/laravel/framework/src/Illuminate/Database/Query/Builder.php(3230): Illuminate\\Database\\Query\\Builder->Illuminate\\Database\\Query\\{closure}()
#5 /home/bst/Documents/trip/vendor/laravel/framework/src/Illuminate/Database/Query/Builder.php(2695): Illuminate\\Database\\Query\\Builder->onceWithColumns()
#6 /home/bst/Documents/trip/vendor/laravel/framework/src/Illuminate/Database/Eloquent/Builder.php(710): Illuminate\\Database\\Query\\Builder->get()
#7 /home/bst/Documents/trip/vendor/laravel/framework/src/Illuminate/Database/Eloquent/Builder.php(694): Illuminate\\Database\\Eloquent\\Builder->getModels()
#8 /home/bst/Documents/trip/vendor/laravel/framework/src/Illuminate/Database/Concerns/BuildsQueries.php(296): Illuminate\\Database\\Eloquent\\Builder->get()
#9 /home/bst/Documents/trip/modules/Core/Models/Settings.php(35): Illuminate\\Database\\Eloquent\\Builder->first()
#10 /home/bst/Documents/trip/vendor/laravel/framework/src/Illuminate/Cache/Repository.php(438): Modules\\Core\\Models\\Settings::Modules\\Core\\Models\\{closure}()
#11 /home/bst/Documents/trip/vendor/laravel/framework/src/Illuminate/Cache/CacheManager.php(408): Illuminate\\Cache\\Repository->rememberForever()
#12 /home/bst/Documents/trip/vendor/laravel/framework/src/Illuminate/Support/Facades/Facade.php(338): Illuminate\\Cache\\CacheManager->__call()
#13 /home/bst/Documents/trip/modules/Core/Models/Settings.php(37): Illuminate\\Support\\Facades\\Facade::__callStatic()
#14 /home/bst/Documents/trip/app/Helpers/AppHelper.php(18): Modules\\Core\\Models\\Settings::item()
#15 /home/bst/Documents/trip/modules/Language/Models/Language.php(33): setting_item()
#16 /home/bst/Documents/trip/vendor/laravel/framework/src/Illuminate/Cache/Repository.php(438): Modules\\Language\\Models\\Language::Modules\\Language\\Models\\{closure}()
#17 /home/bst/Documents/trip/vendor/laravel/framework/src/Illuminate/Cache/CacheManager.php(408): Illuminate\\Cache\\Repository->rememberForever()
#18 /home/bst/Documents/trip/vendor/laravel/framework/src/Illuminate/Support/Facades/Facade.php(338): Illuminate\\Cache\\CacheManager->__call()
#19 /home/bst/Documents/trip/modules/Language/Models/Language.php(34): Illuminate\\Support\\Facades\\Facade::__callStatic()
#20 /home/bst/Documents/trip/app/Providers/AppServiceProvider.php(198): Modules\\Language\\Models\\Language::getActive()
#21 /home/bst/Documents/trip/app/Providers/AppServiceProvider.php(43): App\\Providers\\AppServiceProvider->setLang()
#22 /home/bst/Documents/trip/vendor/laravel/framework/src/Illuminate/Container/BoundMethod.php(36): App\\Providers\\AppServiceProvider->boot()
#23 /home/bst/Documents/trip/vendor/laravel/framework/src/Illuminate/Container/Util.php(41): Illuminate\\Container\\BoundMethod::Illuminate\\Container\\{closure}()
#24 /home/bst/Documents/trip/vendor/laravel/framework/src/Illuminate/Container/BoundMethod.php(93): Illuminate\\Container\\Util::unwrapIfClosure()
#25 /home/bst/Documents/trip/vendor/laravel/framework/src/Illuminate/Container/BoundMethod.php(37): Illuminate\\Container\\BoundMethod::callBoundMethod()
#26 /home/bst/Documents/trip/vendor/laravel/framework/src/Illuminate/Container/Container.php(661): Illuminate\\Container\\BoundMethod::call()
#27 /home/bst/Documents/trip/vendor/laravel/framework/src/Illuminate/Foundation/Application.php(929): Illuminate\\Container\\Container->call()
#28 /home/bst/Documents/trip/vendor/laravel/framework/src/Illuminate/Foundation/Application.php(910): Illuminate\\Foundation\\Application->bootProvider()
#29 [internal function]: Illuminate\\Foundation\\Application->Illuminate\\Foundation\\{closure}()
#30 /home/bst/Documents/trip/vendor/laravel/framework/src/Illuminate/Foundation/Application.php(911): array_walk()
#31 /home/bst/Documents/trip/vendor/laravel/framework/src/Illuminate/Foundation/Bootstrap/BootProviders.php(17): Illuminate\\Foundation\\Application->boot()
#32 /home/bst/Documents/trip/vendor/laravel/framework/src/Illuminate/Foundation/Application.php(242): Illuminate\\Foundation\\Bootstrap\\BootProviders->bootstrap()
#33 /home/bst/Documents/trip/vendor/laravel/framework/src/Illuminate/Foundation/Console/Kernel.php(383): Illuminate\\Foundation\\Application->bootstrapWith()
#34 /home/bst/Documents/trip/vendor/laravel/framework/src/Illuminate/Foundation/Console/Kernel.php(153): Illuminate\\Foundation\\Console\\Kernel->bootstrap()
#35 /home/bst/Documents/trip/artisan(40): Illuminate\\Foundation\\Console\\Kernel->handle()
#36 {main}

[previous exception] [object] (PDOException(code: 42S02): SQLSTATE[42S02]: Base table or view not found: 1146 Table 'booking.core_settings' doesn't exist at /home/bst/Documents/trip/vendor/laravel/framework/src/Illuminate/Database/Connection.php:414)
[stacktrace]
#0 /home/bst/Documents/trip/vendor/laravel/framework/src/Illuminate/Database/Connection.php(414): PDO->prepare()
#1 /home/bst/Documents/trip/vendor/laravel/framework/src/Illuminate/Database/Connection.php(753): Illuminate\\Database\\Connection->Illuminate\\Database\\{closure}()
#2 /home/bst/Documents/trip/vendor/laravel/framework/src/Illuminate/Database/Connection.php(720): Illuminate\\Database\\Connection->runQueryCallback()
#3 /home/bst/Documents/trip/vendor/laravel/framework/src/Illuminate/Database/Connection.php(422): Illuminate\\Database\\Connection->run()
#4 /home/bst/Documents/trip/vendor/laravel/framework/src/Illuminate/Database/Query/Builder.php(2706): Illuminate\\Database\\Connection->select()
#5 /home/bst/Documents/trip/vendor/laravel/framework/src/Illuminate/Database/Query/Builder.php(2694): Illuminate\\Database\\Query\\Builder->runSelect()
#6 /home/bst/Documents/trip/vendor/laravel/framework/src/Illuminate/Database/Query/Builder.php(3230): Illuminate\\Database\\Query\\Builder->Illuminate\\Database\\Query\\{closure}()
#7 /home/bst/Documents/trip/vendor/laravel/framework/src/Illuminate/Database/Query/Builder.php(2695): Illuminate\\Database\\Query\\Builder->onceWithColumns()
#8 /home/bst/Documents/trip/vendor/laravel/framework/src/Illuminate/Database/Eloquent/Builder.php(710): Illuminate\\Database\\Query\\Builder->get()
#9 /home/bst/Documents/trip/vendor/laravel/framework/src/Illuminate/Database/Eloquent/Builder.php(694): Illuminate\\Database\\Eloquent\\Builder->getModels()
#10 /home/bst/Documents/trip/vendor/laravel/framework/src/Illuminate/Database/Concerns/BuildsQueries.php(296): Illuminate\\Database\\Eloquent\\Builder->get()
#11 /home/bst/Documents/trip/modules/Core/Models/Settings.php(35): Illuminate\\Database\\Eloquent\\Builder->first()
#12 /home/bst/Documents/trip/vendor/laravel/framework/src/Illuminate/Cache/Repository.php(438): Modules\\Core\\Models\\Settings::Modules\\Core\\Models\\{closure}()
#13 /home/bst/Documents/trip/vendor/laravel/framework/src/Illuminate/Cache/CacheManager.php(408): Illuminate\\Cache\\Repository->rememberForever()
#14 /home/bst/Documents/trip/vendor/laravel/framework/src/Illuminate/Support/Facades/Facade.php(338): Illuminate\\Cache\\CacheManager->__call()
#15 /home/bst/Documents/trip/modules/Core/Models/Settings.php(37): Illuminate\\Support\\Facades\\Facade::__callStatic()
#16 /home/bst/Documents/trip/app/Helpers/AppHelper.php(18): Modules\\Core\\Models\\Settings::item()
#17 /home/bst/Documents/trip/modules/Language/Models/Language.php(33): setting_item()
#18 /home/bst/Documents/trip/vendor/laravel/framework/src/Illuminate/Cache/Repository.php(438): Modules\\Language\\Models\\Language::Modules\\Language\\Models\\{closure}()
#19 /home/bst/Documents/trip/vendor/laravel/framework/src/Illuminate/Cache/CacheManager.php(408): Illuminate\\Cache\\Repository->rememberForever()
#20 /home/bst/Documents/trip/vendor/laravel/framework/src/Illuminate/Support/Facades/Facade.php(338): Illuminate\\Cache\\CacheManager->__call()
#21 /home/bst/Documents/trip/modules/Language/Models/Language.php(34): Illuminate\\Support\\Facades\\Facade::__callStatic()
#22 /home/bst/Documents/trip/app/Providers/AppServiceProvider.php(198): Modules\\Language\\Models\\Language::getActive()
#23 /home/bst/Documents/trip/app/Providers/AppServiceProvider.php(43): App\\Providers\\AppServiceProvider->setLang()
#24 /home/bst/Documents/trip/vendor/laravel/framework/src/Illuminate/Container/BoundMethod.php(36): App\\Providers\\AppServiceProvider->boot()
#25 /home/bst/Documents/trip/vendor/laravel/framework/src/Illuminate/Container/Util.php(41): Illuminate\\Container\\BoundMethod::Illuminate\\Container\\{closure}()
#26 /home/bst/Documents/trip/vendor/laravel/framework/src/Illuminate/Container/BoundMethod.php(93): Illuminate\\Container\\Util::unwrapIfClosure()
#27 /home/bst/Documents/trip/vendor/laravel/framework/src/Illuminate/Container/BoundMethod.php(37): Illuminate\\Container\\BoundMethod::callBoundMethod()
#28 /home/bst/Documents/trip/vendor/laravel/framework/src/Illuminate/Container/Container.php(661): Illuminate\\Container\\BoundMethod::call()
#29 /home/bst/Documents/trip/vendor/laravel/framework/src/Illuminate/Foundation/Application.php(929): Illuminate\\Container\\Container->call()
#30 /home/bst/Documents/trip/vendor/laravel/framework/src/Illuminate/Foundation/Application.php(910): Illuminate\\Foundation\\Application->bootProvider()
#31 [internal function]: Illuminate\\Foundation\\Application->Illuminate\\Foundation\\{closure}()
#32 /home/bst/Documents/trip/vendor/laravel/framework/src/Illuminate/Foundation/Application.php(911): array_walk()
#33 /home/bst/Documents/trip/vendor/laravel/framework/src/Illuminate/Foundation/Bootstrap/BootProviders.php(17): Illuminate\\Foundation\\Application->boot()
#34 /home/bst/Documents/trip/vendor/laravel/framework/src/Illuminate/Foundation/Application.php(242): Illuminate\\Foundation\\Bootstrap\\BootProviders->bootstrap()
#35 /home/bst/Documents/trip/vendor/laravel/framework/src/Illuminate/Foundation/Console/Kernel.php(383): Illuminate\\Foundation\\Application->bootstrapWith()
#36 /home/bst/Documents/trip/vendor/laravel/framework/src/Illuminate/Foundation/Console/Kernel.php(153): Illuminate\\Foundation\\Console\\Kernel->bootstrap()
#37 /home/bst/Documents/trip/artisan(40): Illuminate\\Foundation\\Console\\Kernel->handle()
#38 {main}
"} 
[2024-01-19 06:38:25] production.ERROR: SQLSTATE[42S02]: Base table or view not found: 1146 Table 'booking.core_settings' doesn't exist (SQL: select * from `core_settings` where `name` = site_locale limit 1) {"exception":"[object] (Illuminate\\Database\\QueryException(code: 42S02): SQLSTATE[42S02]: Base table or view not found: 1146 Table 'booking.core_settings' doesn't exist (SQL: select * from `core_settings` where `name` = site_locale limit 1) at /home/bst/Documents/trip/vendor/laravel/framework/src/Illuminate/Database/Connection.php:760)
[stacktrace]
#0 /home/bst/Documents/trip/vendor/laravel/framework/src/Illuminate/Database/Connection.php(720): Illuminate\\Database\\Connection->runQueryCallback()
#1 /home/bst/Documents/trip/vendor/laravel/framework/src/Illuminate/Database/Connection.php(422): Illuminate\\Database\\Connection->run()
#2 /home/bst/Documents/trip/vendor/laravel/framework/src/Illuminate/Database/Query/Builder.php(2706): Illuminate\\Database\\Connection->select()
#3 /home/bst/Documents/trip/vendor/laravel/framework/src/Illuminate/Database/Query/Builder.php(2694): Illuminate\\Database\\Query\\Builder->runSelect()
#4 /home/bst/Documents/trip/vendor/laravel/framework/src/Illuminate/Database/Query/Builder.php(3230): Illuminate\\Database\\Query\\Builder->Illuminate\\Database\\Query\\{closure}()
#5 /home/bst/Documents/trip/vendor/laravel/framework/src/Illuminate/Database/Query/Builder.php(2695): Illuminate\\Database\\Query\\Builder->onceWithColumns()
#6 /home/bst/Documents/trip/vendor/laravel/framework/src/Illuminate/Database/Eloquent/Builder.php(710): Illuminate\\Database\\Query\\Builder->get()
#7 /home/bst/Documents/trip/vendor/laravel/framework/src/Illuminate/Database/Eloquent/Builder.php(694): Illuminate\\Database\\Eloquent\\Builder->getModels()
#8 /home/bst/Documents/trip/vendor/laravel/framework/src/Illuminate/Database/Concerns/BuildsQueries.php(296): Illuminate\\Database\\Eloquent\\Builder->get()
#9 /home/bst/Documents/trip/modules/Core/Models/Settings.php(35): Illuminate\\Database\\Eloquent\\Builder->first()
#10 /home/bst/Documents/trip/vendor/laravel/framework/src/Illuminate/Cache/Repository.php(438): Modules\\Core\\Models\\Settings::Modules\\Core\\Models\\{closure}()
#11 /home/bst/Documents/trip/vendor/laravel/framework/src/Illuminate/Cache/CacheManager.php(408): Illuminate\\Cache\\Repository->rememberForever()
#12 /home/bst/Documents/trip/vendor/laravel/framework/src/Illuminate/Support/Facades/Facade.php(338): Illuminate\\Cache\\CacheManager->__call()
#13 /home/bst/Documents/trip/modules/Core/Models/Settings.php(37): Illuminate\\Support\\Facades\\Facade::__callStatic()
#14 /home/bst/Documents/trip/app/Helpers/AppHelper.php(18): Modules\\Core\\Models\\Settings::item()
#15 /home/bst/Documents/trip/modules/Language/Models/Language.php(33): setting_item()
#16 /home/bst/Documents/trip/vendor/laravel/framework/src/Illuminate/Cache/Repository.php(438): Modules\\Language\\Models\\Language::Modules\\Language\\Models\\{closure}()
#17 /home/bst/Documents/trip/vendor/laravel/framework/src/Illuminate/Cache/CacheManager.php(408): Illuminate\\Cache\\Repository->rememberForever()
#18 /home/bst/Documents/trip/vendor/laravel/framework/src/Illuminate/Support/Facades/Facade.php(338): Illuminate\\Cache\\CacheManager->__call()
#19 /home/bst/Documents/trip/modules/Language/Models/Language.php(34): Illuminate\\Support\\Facades\\Facade::__callStatic()
#20 /home/bst/Documents/trip/app/Providers/AppServiceProvider.php(198): Modules\\Language\\Models\\Language::getActive()
#21 /home/bst/Documents/trip/app/Providers/AppServiceProvider.php(43): App\\Providers\\AppServiceProvider->setLang()
#22 /home/bst/Documents/trip/vendor/laravel/framework/src/Illuminate/Container/BoundMethod.php(36): App\\Providers\\AppServiceProvider->boot()
#23 /home/bst/Documents/trip/vendor/laravel/framework/src/Illuminate/Container/Util.php(41): Illuminate\\Container\\BoundMethod::Illuminate\\Container\\{closure}()
#24 /home/bst/Documents/trip/vendor/laravel/framework/src/Illuminate/Container/BoundMethod.php(93): Illuminate\\Container\\Util::unwrapIfClosure()
#25 /home/bst/Documents/trip/vendor/laravel/framework/src/Illuminate/Container/BoundMethod.php(37): Illuminate\\Container\\BoundMethod::callBoundMethod()
#26 /home/bst/Documents/trip/vendor/laravel/framework/src/Illuminate/Container/Container.php(661): Illuminate\\Container\\BoundMethod::call()
#27 /home/bst/Documents/trip/vendor/laravel/framework/src/Illuminate/Foundation/Application.php(929): Illuminate\\Container\\Container->call()
#28 /home/bst/Documents/trip/vendor/laravel/framework/src/Illuminate/Foundation/Application.php(910): Illuminate\\Foundation\\Application->bootProvider()
#29 [internal function]: Illuminate\\Foundation\\Application->Illuminate\\Foundation\\{closure}()
#30 /home/bst/Documents/trip/vendor/laravel/framework/src/Illuminate/Foundation/Application.php(911): array_walk()
#31 /home/bst/Documents/trip/vendor/laravel/framework/src/Illuminate/Foundation/Bootstrap/BootProviders.php(17): Illuminate\\Foundation\\Application->boot()
#32 /home/bst/Documents/trip/vendor/laravel/framework/src/Illuminate/Foundation/Application.php(242): Illuminate\\Foundation\\Bootstrap\\BootProviders->bootstrap()
#33 /home/bst/Documents/trip/vendor/laravel/framework/src/Illuminate/Foundation/Console/Kernel.php(383): Illuminate\\Foundation\\Application->bootstrapWith()
#34 /home/bst/Documents/trip/vendor/laravel/framework/src/Illuminate/Foundation/Console/Kernel.php(153): Illuminate\\Foundation\\Console\\Kernel->bootstrap()
#35 /home/bst/Documents/trip/artisan(40): Illuminate\\Foundation\\Console\\Kernel->handle()
#36 {main}

[previous exception] [object] (PDOException(code: 42S02): SQLSTATE[42S02]: Base table or view not found: 1146 Table 'booking.core_settings' doesn't exist at /home/bst/Documents/trip/vendor/laravel/framework/src/Illuminate/Database/Connection.php:414)
[stacktrace]
#0 /home/bst/Documents/trip/vendor/laravel/framework/src/Illuminate/Database/Connection.php(414): PDO->prepare()
#1 /home/bst/Documents/trip/vendor/laravel/framework/src/Illuminate/Database/Connection.php(753): Illuminate\\Database\\Connection->Illuminate\\Database\\{closure}()
#2 /home/bst/Documents/trip/vendor/laravel/framework/src/Illuminate/Database/Connection.php(720): Illuminate\\Database\\Connection->runQueryCallback()
#3 /home/bst/Documents/trip/vendor/laravel/framework/src/Illuminate/Database/Connection.php(422): Illuminate\\Database\\Connection->run()
#4 /home/bst/Documents/trip/vendor/laravel/framework/src/Illuminate/Database/Query/Builder.php(2706): Illuminate\\Database\\Connection->select()
#5 /home/bst/Documents/trip/vendor/laravel/framework/src/Illuminate/Database/Query/Builder.php(2694): Illuminate\\Database\\Query\\Builder->runSelect()
#6 /home/bst/Documents/trip/vendor/laravel/framework/src/Illuminate/Database/Query/Builder.php(3230): Illuminate\\Database\\Query\\Builder->Illuminate\\Database\\Query\\{closure}()
#7 /home/bst/Documents/trip/vendor/laravel/framework/src/Illuminate/Database/Query/Builder.php(2695): Illuminate\\Database\\Query\\Builder->onceWithColumns()
#8 /home/bst/Documents/trip/vendor/laravel/framework/src/Illuminate/Database/Eloquent/Builder.php(710): Illuminate\\Database\\Query\\Builder->get()
#9 /home/bst/Documents/trip/vendor/laravel/framework/src/Illuminate/Database/Eloquent/Builder.php(694): Illuminate\\Database\\Eloquent\\Builder->getModels()
#10 /home/bst/Documents/trip/vendor/laravel/framework/src/Illuminate/Database/Concerns/BuildsQueries.php(296): Illuminate\\Database\\Eloquent\\Builder->get()
#11 /home/bst/Documents/trip/modules/Core/Models/Settings.php(35): Illuminate\\Database\\Eloquent\\Builder->first()
#12 /home/bst/Documents/trip/vendor/laravel/framework/src/Illuminate/Cache/Repository.php(438): Modules\\Core\\Models\\Settings::Modules\\Core\\Models\\{closure}()
#13 /home/bst/Documents/trip/vendor/laravel/framework/src/Illuminate/Cache/CacheManager.php(408): Illuminate\\Cache\\Repository->rememberForever()
#14 /home/bst/Documents/trip/vendor/laravel/framework/src/Illuminate/Support/Facades/Facade.php(338): Illuminate\\Cache\\CacheManager->__call()
#15 /home/bst/Documents/trip/modules/Core/Models/Settings.php(37): Illuminate\\Support\\Facades\\Facade::__callStatic()
#16 /home/bst/Documents/trip/app/Helpers/AppHelper.php(18): Modules\\Core\\Models\\Settings::item()
#17 /home/bst/Documents/trip/modules/Language/Models/Language.php(33): setting_item()
#18 /home/bst/Documents/trip/vendor/laravel/framework/src/Illuminate/Cache/Repository.php(438): Modules\\Language\\Models\\Language::Modules\\Language\\Models\\{closure}()
#19 /home/bst/Documents/trip/vendor/laravel/framework/src/Illuminate/Cache/CacheManager.php(408): Illuminate\\Cache\\Repository->rememberForever()
#20 /home/bst/Documents/trip/vendor/laravel/framework/src/Illuminate/Support/Facades/Facade.php(338): Illuminate\\Cache\\CacheManager->__call()
#21 /home/bst/Documents/trip/modules/Language/Models/Language.php(34): Illuminate\\Support\\Facades\\Facade::__callStatic()
#22 /home/bst/Documents/trip/app/Providers/AppServiceProvider.php(198): Modules\\Language\\Models\\Language::getActive()
#23 /home/bst/Documents/trip/app/Providers/AppServiceProvider.php(43): App\\Providers\\AppServiceProvider->setLang()
#24 /home/bst/Documents/trip/vendor/laravel/framework/src/Illuminate/Container/BoundMethod.php(36): App\\Providers\\AppServiceProvider->boot()
#25 /home/bst/Documents/trip/vendor/laravel/framework/src/Illuminate/Container/Util.php(41): Illuminate\\Container\\BoundMethod::Illuminate\\Container\\{closure}()
#26 /home/bst/Documents/trip/vendor/laravel/framework/src/Illuminate/Container/BoundMethod.php(93): Illuminate\\Container\\Util::unwrapIfClosure()
#27 /home/bst/Documents/trip/vendor/laravel/framework/src/Illuminate/Container/BoundMethod.php(37): Illuminate\\Container\\BoundMethod::callBoundMethod()
#28 /home/bst/Documents/trip/vendor/laravel/framework/src/Illuminate/Container/Container.php(661): Illuminate\\Container\\BoundMethod::call()
#29 /home/bst/Documents/trip/vendor/laravel/framework/src/Illuminate/Foundation/Application.php(929): Illuminate\\Container\\Container->call()
#30 /home/bst/Documents/trip/vendor/laravel/framework/src/Illuminate/Foundation/Application.php(910): Illuminate\\Foundation\\Application->bootProvider()
#31 [internal function]: Illuminate\\Foundation\\Application->Illuminate\\Foundation\\{closure}()
#32 /home/bst/Documents/trip/vendor/laravel/framework/src/Illuminate/Foundation/Application.php(911): array_walk()
#33 /home/bst/Documents/trip/vendor/laravel/framework/src/Illuminate/Foundation/Bootstrap/BootProviders.php(17): Illuminate\\Foundation\\Application->boot()
#34 /home/bst/Documents/trip/vendor/laravel/framework/src/Illuminate/Foundation/Application.php(242): Illuminate\\Foundation\\Bootstrap\\BootProviders->bootstrap()
#35 /home/bst/Documents/trip/vendor/laravel/framework/src/Illuminate/Foundation/Console/Kernel.php(383): Illuminate\\Foundation\\Application->bootstrapWith()
#36 /home/bst/Documents/trip/vendor/laravel/framework/src/Illuminate/Foundation/Console/Kernel.php(153): Illuminate\\Foundation\\Console\\Kernel->bootstrap()
#37 /home/bst/Documents/trip/artisan(40): Illuminate\\Foundation\\Console\\Kernel->handle()
#38 {main}
"} 
[2024-01-19 07:05:41] production.ERROR: SQLSTATE[42S02]: Base table or view not found: 1146 Table 'booking.core_settings' doesn't exist (SQL: select * from `core_settings` where `name` = site_locale limit 1) {"exception":"[object] (Illuminate\\Database\\QueryException(code: 42S02): SQLSTATE[42S02]: Base table or view not found: 1146 Table 'booking.core_settings' doesn't exist (SQL: select * from `core_settings` where `name` = site_locale limit 1) at /home/bst/Documents/trip/vendor/laravel/framework/src/Illuminate/Database/Connection.php:760)
[stacktrace]
#0 /home/bst/Documents/trip/vendor/laravel/framework/src/Illuminate/Database/Connection.php(720): Illuminate\\Database\\Connection->runQueryCallback()
#1 /home/bst/Documents/trip/vendor/laravel/framework/src/Illuminate/Database/Connection.php(422): Illuminate\\Database\\Connection->run()
#2 /home/bst/Documents/trip/vendor/laravel/framework/src/Illuminate/Database/Query/Builder.php(2706): Illuminate\\Database\\Connection->select()
#3 /home/bst/Documents/trip/vendor/laravel/framework/src/Illuminate/Database/Query/Builder.php(2694): Illuminate\\Database\\Query\\Builder->runSelect()
#4 /home/bst/Documents/trip/vendor/laravel/framework/src/Illuminate/Database/Query/Builder.php(3230): Illuminate\\Database\\Query\\Builder->Illuminate\\Database\\Query\\{closure}()
#5 /home/bst/Documents/trip/vendor/laravel/framework/src/Illuminate/Database/Query/Builder.php(2695): Illuminate\\Database\\Query\\Builder->onceWithColumns()
#6 /home/bst/Documents/trip/vendor/laravel/framework/src/Illuminate/Database/Eloquent/Builder.php(710): Illuminate\\Database\\Query\\Builder->get()
#7 /home/bst/Documents/trip/vendor/laravel/framework/src/Illuminate/Database/Eloquent/Builder.php(694): Illuminate\\Database\\Eloquent\\Builder->getModels()
#8 /home/bst/Documents/trip/vendor/laravel/framework/src/Illuminate/Database/Concerns/BuildsQueries.php(296): Illuminate\\Database\\Eloquent\\Builder->get()
#9 /home/bst/Documents/trip/modules/Core/Models/Settings.php(35): Illuminate\\Database\\Eloquent\\Builder->first()
#10 /home/bst/Documents/trip/vendor/laravel/framework/src/Illuminate/Cache/Repository.php(438): Modules\\Core\\Models\\Settings::Modules\\Core\\Models\\{closure}()
#11 /home/bst/Documents/trip/vendor/laravel/framework/src/Illuminate/Cache/CacheManager.php(408): Illuminate\\Cache\\Repository->rememberForever()
#12 /home/bst/Documents/trip/vendor/laravel/framework/src/Illuminate/Support/Facades/Facade.php(338): Illuminate\\Cache\\CacheManager->__call()
#13 /home/bst/Documents/trip/modules/Core/Models/Settings.php(37): Illuminate\\Support\\Facades\\Facade::__callStatic()
#14 /home/bst/Documents/trip/app/Helpers/AppHelper.php(18): Modules\\Core\\Models\\Settings::item()
#15 /home/bst/Documents/trip/modules/Language/Models/Language.php(33): setting_item()
#16 /home/bst/Documents/trip/vendor/laravel/framework/src/Illuminate/Cache/Repository.php(438): Modules\\Language\\Models\\Language::Modules\\Language\\Models\\{closure}()
#17 /home/bst/Documents/trip/vendor/laravel/framework/src/Illuminate/Cache/CacheManager.php(408): Illuminate\\Cache\\Repository->rememberForever()
#18 /home/bst/Documents/trip/vendor/laravel/framework/src/Illuminate/Support/Facades/Facade.php(338): Illuminate\\Cache\\CacheManager->__call()
#19 /home/bst/Documents/trip/modules/Language/Models/Language.php(34): Illuminate\\Support\\Facades\\Facade::__callStatic()
#20 /home/bst/Documents/trip/app/Providers/AppServiceProvider.php(198): Modules\\Language\\Models\\Language::getActive()
#21 /home/bst/Documents/trip/app/Providers/AppServiceProvider.php(43): App\\Providers\\AppServiceProvider->setLang()
#22 /home/bst/Documents/trip/vendor/laravel/framework/src/Illuminate/Container/BoundMethod.php(36): App\\Providers\\AppServiceProvider->boot()
#23 /home/bst/Documents/trip/vendor/laravel/framework/src/Illuminate/Container/Util.php(41): Illuminate\\Container\\BoundMethod::Illuminate\\Container\\{closure}()
#24 /home/bst/Documents/trip/vendor/laravel/framework/src/Illuminate/Container/BoundMethod.php(93): Illuminate\\Container\\Util::unwrapIfClosure()
#25 /home/bst/Documents/trip/vendor/laravel/framework/src/Illuminate/Container/BoundMethod.php(37): Illuminate\\Container\\BoundMethod::callBoundMethod()
#26 /home/bst/Documents/trip/vendor/laravel/framework/src/Illuminate/Container/Container.php(661): Illuminate\\Container\\BoundMethod::call()
#27 /home/bst/Documents/trip/vendor/laravel/framework/src/Illuminate/Foundation/Application.php(929): Illuminate\\Container\\Container->call()
#28 /home/bst/Documents/trip/vendor/laravel/framework/src/Illuminate/Foundation/Application.php(910): Illuminate\\Foundation\\Application->bootProvider()
#29 [internal function]: Illuminate\\Foundation\\Application->Illuminate\\Foundation\\{closure}()
#30 /home/bst/Documents/trip/vendor/laravel/framework/src/Illuminate/Foundation/Application.php(911): array_walk()
#31 /home/bst/Documents/trip/vendor/laravel/framework/src/Illuminate/Foundation/Bootstrap/BootProviders.php(17): Illuminate\\Foundation\\Application->boot()
#32 /home/bst/Documents/trip/vendor/laravel/framework/src/Illuminate/Foundation/Application.php(242): Illuminate\\Foundation\\Bootstrap\\BootProviders->bootstrap()
#33 /home/bst/Documents/trip/vendor/laravel/framework/src/Illuminate/Foundation/Console/Kernel.php(383): Illuminate\\Foundation\\Application->bootstrapWith()
#34 /home/bst/Documents/trip/vendor/laravel/framework/src/Illuminate/Foundation/Console/Kernel.php(153): Illuminate\\Foundation\\Console\\Kernel->bootstrap()
#35 /home/bst/Documents/trip/artisan(40): Illuminate\\Foundation\\Console\\Kernel->handle()
#36 {main}

[previous exception] [object] (PDOException(code: 42S02): SQLSTATE[42S02]: Base table or view not found: 1146 Table 'booking.core_settings' doesn't exist at /home/bst/Documents/trip/vendor/laravel/framework/src/Illuminate/Database/Connection.php:414)
[stacktrace]
#0 /home/bst/Documents/trip/vendor/laravel/framework/src/Illuminate/Database/Connection.php(414): PDO->prepare()
#1 /home/bst/Documents/trip/vendor/laravel/framework/src/Illuminate/Database/Connection.php(753): Illuminate\\Database\\Connection->Illuminate\\Database\\{closure}()
#2 /home/bst/Documents/trip/vendor/laravel/framework/src/Illuminate/Database/Connection.php(720): Illuminate\\Database\\Connection->runQueryCallback()
#3 /home/bst/Documents/trip/vendor/laravel/framework/src/Illuminate/Database/Connection.php(422): Illuminate\\Database\\Connection->run()
#4 /home/bst/Documents/trip/vendor/laravel/framework/src/Illuminate/Database/Query/Builder.php(2706): Illuminate\\Database\\Connection->select()
#5 /home/bst/Documents/trip/vendor/laravel/framework/src/Illuminate/Database/Query/Builder.php(2694): Illuminate\\Database\\Query\\Builder->runSelect()
#6 /home/bst/Documents/trip/vendor/laravel/framework/src/Illuminate/Database/Query/Builder.php(3230): Illuminate\\Database\\Query\\Builder->Illuminate\\Database\\Query\\{closure}()
#7 /home/bst/Documents/trip/vendor/laravel/framework/src/Illuminate/Database/Query/Builder.php(2695): Illuminate\\Database\\Query\\Builder->onceWithColumns()
#8 /home/bst/Documents/trip/vendor/laravel/framework/src/Illuminate/Database/Eloquent/Builder.php(710): Illuminate\\Database\\Query\\Builder->get()
#9 /home/bst/Documents/trip/vendor/laravel/framework/src/Illuminate/Database/Eloquent/Builder.php(694): Illuminate\\Database\\Eloquent\\Builder->getModels()
#10 /home/bst/Documents/trip/vendor/laravel/framework/src/Illuminate/Database/Concerns/BuildsQueries.php(296): Illuminate\\Database\\Eloquent\\Builder->get()
#11 /home/bst/Documents/trip/modules/Core/Models/Settings.php(35): Illuminate\\Database\\Eloquent\\Builder->first()
#12 /home/bst/Documents/trip/vendor/laravel/framework/src/Illuminate/Cache/Repository.php(438): Modules\\Core\\Models\\Settings::Modules\\Core\\Models\\{closure}()
#13 /home/bst/Documents/trip/vendor/laravel/framework/src/Illuminate/Cache/CacheManager.php(408): Illuminate\\Cache\\Repository->rememberForever()
#14 /home/bst/Documents/trip/vendor/laravel/framework/src/Illuminate/Support/Facades/Facade.php(338): Illuminate\\Cache\\CacheManager->__call()
#15 /home/bst/Documents/trip/modules/Core/Models/Settings.php(37): Illuminate\\Support\\Facades\\Facade::__callStatic()
#16 /home/bst/Documents/trip/app/Helpers/AppHelper.php(18): Modules\\Core\\Models\\Settings::item()
#17 /home/bst/Documents/trip/modules/Language/Models/Language.php(33): setting_item()
#18 /home/bst/Documents/trip/vendor/laravel/framework/src/Illuminate/Cache/Repository.php(438): Modules\\Language\\Models\\Language::Modules\\Language\\Models\\{closure}()
#19 /home/bst/Documents/trip/vendor/laravel/framework/src/Illuminate/Cache/CacheManager.php(408): Illuminate\\Cache\\Repository->rememberForever()
#20 /home/bst/Documents/trip/vendor/laravel/framework/src/Illuminate/Support/Facades/Facade.php(338): Illuminate\\Cache\\CacheManager->__call()
#21 /home/bst/Documents/trip/modules/Language/Models/Language.php(34): Illuminate\\Support\\Facades\\Facade::__callStatic()
#22 /home/bst/Documents/trip/app/Providers/AppServiceProvider.php(198): Modules\\Language\\Models\\Language::getActive()
#23 /home/bst/Documents/trip/app/Providers/AppServiceProvider.php(43): App\\Providers\\AppServiceProvider->setLang()
#24 /home/bst/Documents/trip/vendor/laravel/framework/src/Illuminate/Container/BoundMethod.php(36): App\\Providers\\AppServiceProvider->boot()
#25 /home/bst/Documents/trip/vendor/laravel/framework/src/Illuminate/Container/Util.php(41): Illuminate\\Container\\BoundMethod::Illuminate\\Container\\{closure}()
#26 /home/bst/Documents/trip/vendor/laravel/framework/src/Illuminate/Container/BoundMethod.php(93): Illuminate\\Container\\Util::unwrapIfClosure()
#27 /home/bst/Documents/trip/vendor/laravel/framework/src/Illuminate/Container/BoundMethod.php(37): Illuminate\\Container\\BoundMethod::callBoundMethod()
#28 /home/bst/Documents/trip/vendor/laravel/framework/src/Illuminate/Container/Container.php(661): Illuminate\\Container\\BoundMethod::call()
#29 /home/bst/Documents/trip/vendor/laravel/framework/src/Illuminate/Foundation/Application.php(929): Illuminate\\Container\\Container->call()
#30 /home/bst/Documents/trip/vendor/laravel/framework/src/Illuminate/Foundation/Application.php(910): Illuminate\\Foundation\\Application->bootProvider()
#31 [internal function]: Illuminate\\Foundation\\Application->Illuminate\\Foundation\\{closure}()
#32 /home/bst/Documents/trip/vendor/laravel/framework/src/Illuminate/Foundation/Application.php(911): array_walk()
#33 /home/bst/Documents/trip/vendor/laravel/framework/src/Illuminate/Foundation/Bootstrap/BootProviders.php(17): Illuminate\\Foundation\\Application->boot()
#34 /home/bst/Documents/trip/vendor/laravel/framework/src/Illuminate/Foundation/Application.php(242): Illuminate\\Foundation\\Bootstrap\\BootProviders->bootstrap()
#35 /home/bst/Documents/trip/vendor/laravel/framework/src/Illuminate/Foundation/Console/Kernel.php(383): Illuminate\\Foundation\\Application->bootstrapWith()
#36 /home/bst/Documents/trip/vendor/laravel/framework/src/Illuminate/Foundation/Console/Kernel.php(153): Illuminate\\Foundation\\Console\\Kernel->bootstrap()
#37 /home/bst/Documents/trip/artisan(40): Illuminate\\Foundation\\Console\\Kernel->handle()
#38 {main}
"} 
